Iteration	Posterior	Likelihood	Prior	rate_log_sd	tree_length
0	-2391.211	-3050.768	659.5566	1.217166	2.55024
6	-2398.397	-3058.719	660.3218	1.235778	2.048873
12	-2372.417	-3032.579	660.1623	1.437901	2.020634
18	-2394.907	-3055.382	660.4747	1.435607	1.810768
24	-2388.278	-3049.093	660.8154	1.435607	1.568668
30	-2360.434	-3021.12	660.6864	1.422707	1.671256
36	-2368.731	-3029.499	660.7682	1.498408	1.557162
42	-2360.762	-3022.018	661.2559	1.643321	1.038121
48	-2362.586	-3023.803	661.2177	1.594944	1.118885
54	-2374.558	-3035.615	661.0567	1.567108	1.280888
60	-2378.147	-3039.446	661.2991	1.741167	0.8914833
66	-2370.819	-3031.937	661.1179	1.745281	1.072384
72	-2346.1	-3007.247	661.1472	1.786352	1.004531
78	-2362.811	-3023.907	661.0959	1.628513	1.196594
84	-2355.198	-3016.335	661.1369	1.587469	1.196594
90	-2359.115	-3020.081	660.9658	1.562839	1.357566
96	-2351.343	-3012.152	660.8093	1.50506	1.521809
102	-2347.897	-3008.864	660.9671	1.559195	1.35945
108	-2357.777	-3018.961	661.1841	1.559195	1.180233
114	-2354.531	-3015.608	661.0766	1.445113	1.363074
120	-2359.648	-3020.906	661.2582	1.569713	1.105012
126	-2348.838	-3010.129	661.2908	1.581894	1.063436
132	-2337.006	-2998.158	661.1516	1.730361	1.054684
138	-2331.341	-2992.584	661.243	1.784734	0.9055266
144	-2346.116	-3007.455	661.3383	1.657077	0.9409063
150	-2368.94	-3030.235	661.295	1.738527	0.8991307
156	-2357.811	-3019.118	661.3067	1.726767	0.8991307
162	-2358.331	-3019.603	661.2718	1.661799	1.004483
168	-2367.595	-3028.698	661.1024	1.63131	1.188553
174	-2353.416	-3014.501	661.085	1.63131	1.203513
180	-2345.85	-3007.059	661.2098	1.63131	1.092872
186	-2343.279	-3004.365	661.0854	1.634637	1.200272
192	-2362.048	-3023.052	661.0046	1.713951	1.201546
198	-2345.254	-3006.401	661.147	1.601116	1.176043
204	-2376.022	-3036.956	660.9337	1.369676	1.529965
210	-2387.373	-3048.104	660.7308	1.393648	1.660294
216	-2372.672	-3033.396	660.7235	1.393648	1.665514
222	-2356.419	-3017.054	660.6348	1.511022	1.644974
228	-2372.121	-3033.052	660.9318	1.577251	1.373017
234	-2340.691	-3001.502	660.8117	1.308737	1.663191
240	-2321.395	-2981.89	660.4946	1.348865	1.856698
246	-2328.137	-2988.668	660.5316	1.311895	1.856698
252	-2336.345	-2996.748	660.4025	1.324664	1.93571
258	-2327.941	-2988.274	660.3329	1.319043	1.986173
264	-2324.703	-2985.22	660.5175	1.35161	1.839122
270	-2327.975	-2988.407	660.432	1.291958	1.937852
276	-2315.882	-2976.38	660.4982	1.291958	1.89307
282	-2306.086	-2966.413	660.3275	1.146708	2.10384
288	-2319.764	-2979.374	659.6102	0.9909099	2.65709
294	-2311.218	-2970.56	659.3421	1.056819	2.780954
300	-2307.867	-2967.191	659.3237	1.161261	2.728404
306	-2307.713	-2967.352	659.6398	1.205098	2.505894
312	-2325.974	-2985.619	659.6451	1.189961	2.512039
318	-2358.537	-3018.924	660.3869	1.298781	1.963586
324	-2343.214	-3003.532	660.3179	1.367759	1.963586
330	-2320.299	-2980.785	660.486	1.24941	1.930151
336	-2323.953	-2984.202	660.2489	1.24941	2.087966
342	-2309.052	-2969.888	660.8358	1.312612	1.643126
348	-2324.375	-2984.538	660.163	1.150116	2.208657
354	-2344.921	-3004.283	659.3614	1.064249	2.764675
360	-2330.779	-2990.846	660.0675	1.053347	2.331961
366	-2338.746	-2998.374	659.6276	0.9666345	2.661343
372	-2316.77	-2977.065	660.2945	1.248591	2.05849
378	-2320.191	-2979.421	659.2305	1.149559	2.792469
384	-2305.978	-2965.994	660.0161	1.183546	2.281639
390	-2333.316	-2993.127	659.8117	1.200676	2.400766
396	-2340.564	-3000.176	659.6126	1.228552	2.508235
402	-2313.993	-2973.724	659.7311	1.110133	2.508235
408	-2325.461	-2985.892	660.4307	1.381253	1.878237
414	-2326.839	-2986.809	659.9706	1.240729	2.274198
420	-2312.679	-2972.916	660.2376	1.372372	2.01417
426	-2327.957	-2988.109	660.1525	1.362728	2.076879
432	-2317.864	-2977.676	659.812	1.248362	2.370404
438	-2330.2	-2990.36	660.1599	1.349348	2.080779
444	-2328.67	-2988.35	659.68	1.244308	2.456179
450	-2328.941	-2989.192	660.2512	1.285417	2.062765
456	-2329.845	-2990.404	660.5593	1.347669	1.813041
462	-2340.967	-3000.792	659.8246	1.278434	2.343275
468	-2319.762	-2979.338	659.5758	1.270946	2.504791
474	-2338.997	-2999.156	660.1584	1.149917	2.211755
480	-2323.685	-2983.808	660.1236	1.262218	2.161524
486	-2346.247	-3006.282	660.0346	1.331915	2.174097
492	-2374.812	-3035.291	660.4788	1.38994	1.839416
498	-2390.267	-3050.679	660.4117	1.253884	1.977022
504	-2366.042	-3026.136	660.0937	1.197482	2.222838
510	-2386.996	-3046.61	659.6147	1.091315	2.592308
516	-2377.454	-3036.979	659.5256	1.093169	2.646241
522	-2337.285	-2996.731	659.446	1.025607	2.736566
528	-2342.81	-3002.827	660.0175	1.275325	2.22181
534	-2360.394	-3020.793	660.3988	1.304053	1.952022
540	-2356.229	-3016.875	660.6462	1.334552	1.761818
546	-2373.802	-3034.317	660.5148	1.382675	1.819626
552	-2362.205	-3022.845	660.6401	1.386303	1.729878
558	-2344.12	-3004.687	660.5669	1.459451	1.729878
564	-2356.727	-3017.407	660.6798	1.465636	1.645252
570	-2368.36	-3029.135	660.7758	1.523109	1.533257
576	-2363.675	-3024.573	660.8983	1.363128	1.561004
582	-2345.758	-3006.507	660.7494	1.346393	1.680752
588	-2329.339	-2989.969	660.6306	1.266036	1.820209
594	-2320.961	-2981.525	660.5638	1.37904	1.788197
600	-2328.214	-2988.989	660.7745	1.27099	1.716412
606	-2330.363	-2991.093	660.7305	1.314939	1.716412
612	-2335.326	-2996.359	661.0325	1.465084	1.382047
618	-2353.016	-3013.665	660.6496	1.286909	1.792611
624	-2350.921	-3011.691	660.7698	1.385418	1.638259
630	-2336.751	-2997.386	660.6344	1.481323	1.666586
636	-2332.48	-2993.406	660.9264	1.436431	1.485526
642	-2319.15	-2980.322	661.1722	1.487454	1.25127
648	-2347.884	-3009.001	661.1167	1.584762	1.216143
654	-2356.093	-3017.129	661.0365	1.592893	1.276361
660	-2374.4	-3035.742	661.3426	1.555906	1.038789
666	-2364.337	-3025.491	661.1535	1.555906	1.209407
672	-2364.337	-3025.025	660.6879	1.444129	1.654909
678	-2355.017	-3015.978	660.9602	1.428943	1.465588
684	-2354.139	-3015.284	661.1442	1.419269	1.329834
690	-2355.232	-3016.338	661.1063	1.61698	1.197546
696	-2376.744	-3037.977	661.2328	1.604417	1.096473
702	-2357.937	-3019.072	661.1358	1.509409	1.263323
708	-2347.905	-3008.621	660.7167	1.513105	1.584165
714	-2346.856	-3007.663	660.8064	1.378278	1.616993
720	-2344.685	-3005.735	661.0491	1.522519	1.323252
726	-2350.057	-3010.63	660.5726	1.487024	1.706456
732	-2337.138	-2997.991	660.853	1.487024	1.502618
738	-2350.737	-3011.81	661.0729	1.488091	1.331809
744	-2349.714	-3010.629	660.9147	1.373403	1.541281
750	-2344.873	-3005.554	660.6811	1.435502	1.665956
756	-2339.347	-2999.439	660.0927	1.260907	2.182447
762	-2336.959	-2997.515	660.5555	1.260907	1.875205
768	-2333.076	-2993.375	660.2991	1.39654	1.956911
774	-2339.207	-2999.932	660.7245	1.346977	1.698013
780	-2357.436	-3018.146	660.7102	1.361282	1.698013
786	-2355.784	-3016.524	660.7405	1.214104	1.780058
792	-2315.424	-2974.941	659.5166	0.9783918	2.72227
798	-2325.168	-2985.179	660.0109	1.246082	2.244867
804	-2312.792	-2972.693	659.9015	1.247181	2.314224
810	-2308.75	-2968.705	659.9555	1.209219	2.304007
816	-2311.215	-2971.359	660.1442	1.271473	2.142105
822	-2333.941	-2994.136	660.1951	1.271473	2.108789
828	-2344.419	-3005.198	660.7792	1.411937	1.612324
834	-2340.486	-3001.243	660.7568	1.434303	1.612324
840	-2348.647	-3009.541	660.8939	1.5741	1.405087
846	-2342.12	-3002.964	660.8438	1.719967	1.329608
852	-2320.184	-2981.305	661.1213	1.719967	1.092713
858	-2343.108	-3003.924	660.8157	1.616236	1.43293
864	-2328.92	-2989.482	660.5614	1.402808	1.773397
870	-2325.57	-2986.075	660.5048	1.459426	1.773397
876	-2319.509	-2980.148	660.6393	1.474237	1.668135
882	-2309.122	-2969.675	660.5524	1.388852	1.789353
888	-2307.313	-2967.859	660.546	1.414503	1.775926
894	-2329.155	-2988.69	659.5353	1.326594	2.495271
900	-2325.229	-2985.047	659.818	1.163652	2.420121
906	-2326.493	-2986.513	660.0195	1.24195	2.241985
912	-2329.934	-2990.236	660.3018	1.24195	2.058062
918	-2334.275	-2994.052	659.7774	1.311284	2.352436
924	-2335.267	-2996.122	660.8556	1.441868	1.534347
930	-2347.526	-3008.37	660.8441	1.464776	1.525905
936	-2337.373	-2997.257	659.8839	1.262174	2.315914
942	-2347.387	-3006.981	659.594	1.210716	2.531002
948	-2341.766	-3001.114	659.3478	1.136588	2.72877
954	-2320.026	-2980.391	660.3646	1.219404	2.03142
960	-2336.465	-2996.709	660.2445	1.271251	2.076516
966	-2341.505	-3001.625	660.1192	1.324822	2.123588
972	-2338.801	-2999.636	660.8346	1.483211	1.519206
978	-2345.181	-3006.133	660.9518	1.483211	1.430551
984	-2332.539	-2993.339	660.8001	1.483211	1.544856
990	-2339.237	-2999.467	660.2298	1.332853	2.045511
996	-2344.682	-3005.564	660.8821	1.473653	1.490791
