Iteration	Posterior	Likelihood	Prior	rate_log_sd	tree_length
0	-2503.212	-3163.377	660.1651	1.232583	2.153849
6	-2511.621	-3171.754	660.133	1.383181	2.076251
12	-2476.118	-3136.58	660.462	1.200206	1.979322
18	-2498.857	-3159.02	660.1638	1.240434	2.149518
24	-2504.521	-3165.02	660.499	1.334409	1.863583
30	-2558.532	-3219.284	660.7521	1.439408	1.612008
36	-2563.851	-3225.244	661.3925	1.41776	1.121055
42	-2558.317	-3219.687	661.3694	1.540308	1.028032
48	-2561.105	-3222.147	661.042	1.553696	1.303889
54	-2584.08	-3245.069	660.9891	1.621134	1.292029
60	-2572.18	-3233.097	660.9165	1.657844	1.321131
66	-2550.212	-3211.036	660.8239	1.528975	1.492984
72	-2569.531	-3230.305	660.7733	1.560989	1.506919
78	-2562.263	-3223.292	661.0286	1.552536	1.315648
84	-2555.135	-3216.25	661.1145	1.695198	1.121511
90	-2514.496	-3175.532	661.0359	1.589157	1.279883
96	-2551.368	-3212.192	660.8237	1.29461	1.664711
102	-2526.315	-3186.839	660.5245	1.427086	1.782142
108	-2511.986	-3171.832	659.8462	1.229239	2.360843
114	-2534.725	-3195.57	660.8455	1.409102	1.566012
120	-2552.032	-3212.625	660.5936	1.562272	1.637776
126	-2559.491	-3219.852	660.3613	1.450008	1.878665
132	-2549.823	-3209.674	659.8516	1.124613	2.423563
138	-2571.314	-3231.213	659.8984	1.097772	2.410972
144	-2566.846	-3226.076	659.2296	1.137742	2.800194
150	-2554.808	-3215.071	660.2629	1.353872	2.009658
156	-2530.158	-3190.178	660.0201	1.251115	2.235685
162	-2492.1	-3153.142	661.0414	1.579677	1.283187
168	-2526.444	-3187.555	661.1107	1.712749	1.109068
174	-2520.056	-3181.293	661.2367	1.815082	0.8782662
180	-2530.695	-3191.969	661.2736	1.448324	1.198683
186	-2492.265	-3153.351	661.0858	1.513221	1.30117
192	-2501.313	-3162.194	660.8809	1.520864	1.455967
198	-2480.913	-3141.857	660.9442	1.411708	1.490706
204	-2480.921	-3141.723	660.8027	1.376035	1.621308
210	-2505.432	-3165.914	660.482	1.284219	1.909291
216	-2496.267	-3156.326	660.0589	1.284219	2.189286
222	-2506.503	-3166.047	659.5434	1.336365	2.484082
228	-2469.371	-3129.596	660.2247	1.426396	1.986732
234	-2453.097	-3113.43	660.3333	1.432542	1.909556
240	-2460.393	-3120.911	660.5188	1.465292	1.759474
246	-2471.419	-3132.207	660.7874	1.54652	1.507174
252	-2471.088	-3131.519	660.4309	1.49495	1.800012
258	-2481.522	-3142.517	660.9958	1.611512	1.294397
264	-2458.594	-3119.508	660.9136	1.611512	1.36036
270	-2479.309	-3140.45	661.1415	1.672877	1.117352
276	-2475.851	-3136.187	660.3365	1.456122	1.89141
282	-2450.464	-3110.875	660.4116	1.380938	1.89141
288	-2462.584	-3122.684	660.1003	1.31145	2.144679
294	-2491.895	-3152.173	660.2787	1.159169	2.127592
300	-2504.807	-3165.241	660.4335	1.202939	1.996514
306	-2511.116	-3171.199	660.0833	1.160267	2.253521
312	-2518.251	-3178.417	660.1664	1.162135	2.198687
318	-2510.112	-3170.644	660.5322	1.284655	1.874855
324	-2500.594	-3161.126	660.5322	1.284655	1.874855
330	-2498.831	-3159.363	660.5322	1.284655	1.874855
336	-2511.738	-3172.628	660.8895	1.370323	1.562154
342	-2537.663	-3198.263	660.6004	1.530038	1.655995
348	-2491.139	-3151.515	660.3761	1.376908	1.918239
354	-2518.948	-3179.725	660.7767	1.307215	1.689235
360	-2466.297	-3126.557	660.2603	1.28263	2.058571
366	-2472.979	-3133.207	660.2281	1.324264	2.052331
372	-2519.077	-3178.38	659.3031	1.158272	2.742868
378	-2513.849	-3173.521	659.6723	1.06296	2.574177
384	-2483.239	-3141.714	658.4753	1.039062	3.310366
390	-2483.806	-3141.655	657.8496	1.015151	3.689379
396	-2513.333	-3172.095	658.762	0.9942763	3.167327
402	-2523.893	-3182.114	658.2205	1.075371	3.438631
408	-2537.397	-3196.396	658.9984	1.06991	2.981006
414	-2523.049	-3182.001	658.9517	1.11658	2.981006
420	-2518.319	-3177.957	659.6378	1.217162	2.499598
426	-2509.545	-3169.475	659.9302	1.09952	2.389774
432	-2522.108	-3182.038	659.9303	1.189101	2.332913
438	-2488.228	-3148.166	659.9384	1.180968	2.332913
444	-2457.016	-3117.017	660.0012	1.183149	2.291431
450	-2497.788	-3157.51	659.7216	1.183149	2.468429
456	-2493.625	-3153.612	659.9868	1.196814	2.291932
462	-2505.67	-3165.393	659.7231	1.17134	2.474906
468	-2477.031	-3134.985	657.9542	1.105908	3.576121
474	-2485.925	-3144.284	658.3591	1.220484	3.271931
480	-2490.36	-3149.143	658.7829	1.088436	3.098911
486	-2497.737	-3157.742	660.0054	1.409348	2.142716
492	-2499.71	-3159.612	659.9017	1.141006	2.381584
498	-2515.625	-3175.218	659.5927	1.070688	2.6187
504	-2545.066	-3204.108	659.0422	1.103785	2.934295
510	-2540.46	-3201.079	660.6187	1.347051	1.772322
516	-2529.27	-3189.922	660.6522	1.313544	1.772322
522	-2511.423	-3171.738	660.3152	1.17554	2.09295
528	-2501.205	-3161.448	660.2431	1.266891	2.080272
534	-2492.117	-3152.4	660.283	1.290414	2.038435
540	-2464.683	-3125.277	660.5932	1.245472	1.860017
546	-2477.645	-3138.25	660.6045	1.30011	1.814697
552	-2449.298	-3109.379	660.0812	1.139402	2.268225
558	-2479.031	-3138.957	659.9252	1.288687	2.272558
564	-2433.095	-3093.612	660.5174	1.287594	1.882972
570	-2446.719	-3107.837	661.1174	1.472442	1.308585
576	-2447.747	-3108.88	661.1326	1.687766	1.111883
582	-2493.604	-3154.827	661.2231	1.695582	1.019218
588	-2506.994	-3168.234	661.2397	1.527706	1.159243
594	-2512.723	-3173.953	661.2307	1.512001	1.180789
600	-2490.397	-3151.336	660.9388	1.298158	1.578931
606	-2487.655	-3148.136	660.4806	1.267074	1.921857
612	-2498.95	-3160.06	661.1104	1.376865	1.390051
618	-2483.044	-3144	660.9568	1.490383	1.421216
624	-2499.943	-3161.171	661.2275	1.490383	1.202139
630	-2496.284	-3157.208	660.9233	1.286768	1.59857
636	-2489.022	-3149.893	660.8719	1.381196	1.567079
642	-2511.526	-3171.659	660.1331	1.113531	2.251513
648	-2525.453	-3185.354	659.9005	1.056585	2.435612
654	-2525.459	-3183.604	658.1446	0.9243343	3.570999
660	-2550.723	-3209.595	658.8723	1.136049	3.017007
666	-2510.619	-3170.176	659.5569	1.231541	2.541106
672	-2487.902	-3147.335	659.4327	0.9661764	2.781018
678	-2530.14	-3189.539	659.3984	1.104408	2.717493
684	-2565.202	-3223.612	658.4099	0.9325045	3.411378
690	-2511.693	-3170.531	658.8384	0.9399489	3.154264
696	-2507.121	-3167.869	660.7485	1.372281	1.662944
702	-2518.59	-3179	660.4098	1.425464	1.86232
708	-2503.518	-3163.73	660.2125	1.376115	2.028357
714	-2498.436	-3159.505	661.0689	1.573726	1.265413
720	-2505.156	-3166.422	661.2666	1.518558	1.143473
726	-2508.665	-3169.982	661.3165	1.770842	0.8355438
732	-2567.111	-3228.342	661.2305	1.962154	0.6795346
738	-2560.89	-3222.2	661.3104	1.860833	0.7172646
744	-2537.135	-3198.453	661.3179	1.688044	0.9294823
750	-2494.72	-3155.886	661.1661	1.839871	0.9294823
756	-2487.947	-3149.268	661.3209	1.839871	0.7341195
762	-2480.827	-3142.021	661.1944	1.839871	0.8982133
768	-2509.025	-3170.27	661.2449	1.817982	0.8651426
774	-2526.91	-3187.85	660.9405	1.712063	1.257223
780	-2517.423	-3178.512	661.0887	1.712063	1.129578
786	-2498.859	-3160.066	661.2073	1.545299	1.172205
792	-2503.818	-3164.851	661.0324	1.553531	1.311728
798	-2503.574	-3164.632	661.0578	1.518457	1.319563
804	-2498.684	-3159.527	660.8422	1.500834	1.500406
810	-2480.829	-3141.258	660.4287	1.348472	1.901856
816	-2488.742	-3148.789	660.0478	1.137297	2.290956
822	-2507.866	-3168.485	660.6189	1.202837	1.871542
828	-2513.885	-3173.948	660.063	1.134438	2.283088
834	-2505.975	-3166.038	660.063	1.134438	2.283088
840	-2505.546	-3164.551	659.0055	1.202899	2.896588
846	-2517.111	-3176.682	659.5703	1.369121	2.446727
852	-2531.225	-3190.982	659.7573	1.067493	2.518493
858	-2539.603	-3199.336	659.733	1.055772	2.540933
864	-2550.567	-3210.756	660.189	1.310024	2.087523
870	-2503.123	-3162.623	659.5001	1.197239	2.597694
876	-2505.394	-3164.953	659.5595	1.015422	2.673232
882	-2480.677	-3139.335	658.6573	0.9245461	3.270585
888	-2473.368	-3134.131	660.7628	1.103468	1.841049
894	-2495.285	-3155.638	660.3526	1.103468	2.115686
900	-2477.374	-3137.837	660.4631	1.35214	1.875963
906	-2486.864	-3146.853	659.9896	1.220261	2.275094
912	-2494.209	-3154.572	660.3627	1.288815	1.986426
918	-2488.955	-3149.929	660.9737	1.514152	1.389646
924	-2486	-3147.017	661.0162	1.475465	1.386683
930	-2516.306	-3177.298	660.9919	1.499761	1.386683
936	-2513.179	-3173.773	660.5939	1.510087	1.67491
942	-2481.074	-3141.624	660.5502	1.462261	1.739681
948	-2487.766	-3147.918	660.1525	1.401818	2.051084
954	-2484.66	-3145.019	660.3592	1.328027	1.962566
960	-2496.722	-3157.653	660.9304	1.455884	1.467793
966	-2480.9	-3141.238	660.3382	1.447989	1.895721
972	-2443.582	-3103.549	659.9671	1.133192	2.345067
978	-2482.691	-3142.389	659.698	1.368308	2.366589
984	-2507.109	-3167.867	660.7584	1.322573	1.691333
990	-2506.625	-3166.674	660.0498	1.155437	2.278075
996	-2483.292	-3143.431	660.1389	1.066405	2.278075
