Iteration	Posterior	Likelihood	Prior	rate_log_sd	tree_length
0	-2369.024	-3028.681	659.6575	1.197571	2.499574
6	-2414.139	-3074.661	660.5223	1.239086	1.912567
12	-2434.556	-3095.013	660.4569	1.203595	1.980429
18	-2437.258	-3096.985	659.7272	1.25808	2.417851
24	-2448.745	-3108.106	659.3603	1.18518	2.691284
30	-2421.927	-3081.981	660.0546	1.235484	2.223551
36	-2442.22	-3100.797	658.5766	1.201155	3.154601
42	-2435.603	-3095.02	659.4165	1.012811	2.762413
48	-2411.871	-3071.056	659.1847	1.244645	2.762413
54	-2457.179	-3116.961	659.782	1.215583	2.410074
60	-2451.75	-3111.559	659.8095	1.252716	2.369182
66	-2465.533	-3125.257	659.7241	1.28266	2.404266
72	-2460.319	-3120.161	659.8415	1.198779	2.383098
78	-2464.777	-3123.211	658.4335	1.128231	3.282464
84	-2452.421	-3112.08	659.6591	1.312104	2.426725
90	-2434.896	-3095.454	660.5577	1.532023	1.685108
96	-2433.796	-3094.761	660.9652	1.628739	1.305302
102	-2422.779	-3083.808	661.0287	1.489706	1.365669
108	-2401.251	-3061.593	660.3419	1.211796	2.05145
114	-2416.754	-3076.383	659.6291	1.179922	2.528315
120	-2438.66	-3097.675	659.0152	1.130356	2.934527
126	-2430.179	-3089.525	659.3459	1.179459	2.703639
132	-2446.169	-3106.531	660.3626	1.208641	2.039835
138	-2446.981	-3106.224	659.2422	1.059595	2.840037
144	-2408.253	-3068.15	659.8969	1.16366	2.370242
150	-2439.505	-3100.03	660.524	1.293192	1.874631
156	-2412.411	-3072.943	660.5313	1.369039	1.81762
162	-2391.626	-3051.879	660.253	1.177883	2.132169
168	-2402.181	-3062.005	659.8241	1.167366	2.413951
174	-2407.166	-3066.977	659.8114	1.180054	2.413951
180	-2407.391	-3067.333	659.9423	1.180054	2.331031
186	-2409.889	-3069.784	659.8949	1.416409	2.209857
192	-2421.536	-3081.781	660.2451	1.066219	2.209857
198	-2388.13	-3047.913	659.7825	1.160085	2.444713
204	-2414.502	-3075.231	660.7282	1.50496	1.581695
210	-2388.622	-3049.149	660.5268	1.369259	1.820587
216	-2375.612	-3036.391	660.779	1.369259	1.643255
222	-2382.238	-3042.553	660.3148	1.275397	2.027317
228	-2390.912	-3051.976	661.0647	1.312187	1.474866
234	-2382.995	-3043.999	661.0038	1.45528	1.411998
240	-2410.234	-3071.288	661.0545	1.429395	1.392757
246	-2417.492	-3078.489	660.9966	1.350335	1.497422
252	-2417.972	-3078.845	660.8734	1.473597	1.497422
258	-2392.348	-3053.15	660.8024	1.301251	1.675134
264	-2390.788	-3051.256	660.4675	1.442049	1.811292
270	-2375.632	-3036.094	660.4624	1.360606	1.870708
276	-2400.482	-3060.587	660.1048	1.360606	2.109597
282	-2395.507	-3055.22	659.7136	1.18332	2.473353
288	-2402.378	-3062.151	659.7723	1.258701	2.388984
294	-2401.838	-3062.16	660.3215	1.325884	1.989246
300	-2423.959	-3084.243	660.2839	1.325884	2.014293
306	-2404.051	-3063.917	659.8661	1.192988	2.371206
312	-2397.254	-3057.487	660.2333	1.215095	2.120693
318	-2393.792	-3053.891	660.0994	1.217086	2.206497
324	-2403.279	-3063.519	660.24	1.378512	2.008476
330	-2408.143	-3067.683	659.5393	1.119921	2.62123
336	-2413.46	-3073.574	660.1137	1.195946	2.210911
342	-2391.754	-3052.237	660.4828	1.375247	1.846732
348	-2381.177	-3041.848	660.6711	1.313804	1.758929
354	-2367.506	-3027.892	660.3857	1.363706	1.920652
360	-2362.191	-3023.078	660.8867	1.528673	1.445658
366	-2363.029	-3023.88	660.8504	1.528673	1.473221
372	-2368.508	-3029.678	661.1703	1.57649	1.177261
378	-2385.422	-3046.599	661.1772	1.465892	1.265014
384	-2385.406	-3046.565	661.1597	1.483382	1.265014
390	-2362.737	-3023.322	660.585	1.367722	1.781387
396	-2392.269	-3053.323	661.0535	1.477963	1.355304
402	-2390.192	-3051.008	660.8162	1.61289	1.435118
408	-2421.081	-3081.912	660.8304	1.466773	1.534587
414	-2407.279	-3068.11	660.8304	1.466773	1.534587
420	-2394.142	-3054.973	660.8304	1.466773	1.534587
426	-2391.481	-3052.28	660.7992	1.466773	1.557654
432	-2386.671	-3047.673	661.0024	1.468233	1.403017
438	-2375.988	-3036.814	660.8256	1.49178	1.519583
444	-2387.173	-3047.49	660.317	1.499421	1.875148
450	-2390.433	-3051.106	660.6731	1.452654	1.659395
456	-2402.215	-3062.474	660.2583	1.472374	1.933297
462	-2357.616	-3018.455	660.8386	1.451259	1.539977
468	-2376.285	-3037.377	661.0926	1.344503	1.428959
474	-2371.752	-3032.501	660.7494	1.505959	1.565461
480	-2377.696	-3038.48	660.7837	1.454262	1.578201
486	-2364.879	-3025.759	660.8805	1.497525	1.474005
492	-2340.954	-3002.118	661.1644	1.510968	1.238202
498	-2349.645	-3010.468	660.8231	1.498824	1.516134
504	-2373.673	-3034.602	660.9287	1.393232	1.516134
510	-2400.567	-3061.344	660.7776	1.465292	1.574573
516	-2412.865	-3073.451	660.5865	1.465292	1.711979
522	-2405.336	-3065.249	659.9124	1.263278	2.296981
528	-2413.871	-3073.844	659.973	1.202727	2.296981
534	-2409.985	-3069.694	659.7094	1.19938	2.465962
540	-2409.288	-3069.123	659.8345	1.074272	2.465962
546	-2419.177	-3078.968	659.7909	1.132627	2.456652
552	-2441.044	-3101.601	660.5579	1.381456	1.790628
558	-2427.672	-3088.228	660.5556	1.272063	1.867516
564	-2428.782	-3089.241	660.4591	1.287431	1.922609
570	-2422.117	-3081.925	659.8083	1.190919	2.409012
576	-2416.678	-3077.103	660.4243	1.134348	2.04822
582	-2450.823	-3111.323	660.4993	1.285626	1.896631
588	-2433.328	-3093.643	660.3144	1.399127	1.944902
594	-2433.694	-3094.021	660.3265	1.387011	1.944902
600	-2464.829	-3125.526	660.6966	1.531191	1.585632
606	-2445.551	-3106.191	660.6401	1.399875	1.72032
612	-2448.864	-3109.49	660.6258	1.520611	1.644577
618	-2476.01	-3136.69	660.68	1.409029	1.685563
624	-2473.955	-3134.557	660.6015	1.288514	1.824724
630	-2458.974	-3118.993	660.0187	1.199231	2.269944
636	-2449.029	-3109.214	660.1853	1.187901	2.169721
642	-2439.184	-3099.263	660.0797	1.209837	2.223907
648	-2429.011	-3089.25	660.2382	1.344055	2.032537
654	-2440.567	-3100.842	660.2754	1.322565	2.022113
660	-2441.766	-3102.318	660.5529	1.426321	1.762929
666	-2405.651	-3066.178	660.5264	1.346816	1.836331
672	-2364.613	-3025.18	660.5669	1.146846	1.944715
678	-2369.026	-3029.593	660.5669	1.146846	1.944715
684	-2354.846	-3015.413	660.5669	1.146846	1.944715
690	-2355.897	-3016.464	660.5669	1.146846	1.944715
696	-2352.799	-3013.365	660.5669	1.146846	1.944715
702	-2365.08	-3025.647	660.5669	1.146846	1.944715
708	-2344.701	-3005.268	660.5669	1.146846	1.944715
714	-2343.383	-3003.949	660.5669	1.146846	1.944715
720	-2345.272	-3005.839	660.5669	1.146846	1.944715
726	-2341.18	-3001.746	660.5669	1.146846	1.944715
732	-2353.839	-3014.406	660.5669	1.146846	1.944715
738	-2358.807	-3019.374	660.5669	1.146846	1.944715
744	-2362.994	-3023.561	660.5669	1.146846	1.944715
750	-2363.048	-3023.615	660.5669	1.146846	1.944715
756	-2379.4	-3039.967	660.5669	1.146846	1.944715
762	-2374.333	-3034.9	660.5669	1.146846	1.944715
768	-2373.184	-3033.751	660.5669	1.146846	1.944715
774	-2387.875	-3046.496	658.621	1.033958	3.227416
780	-2406.181	-3064.335	658.1544	0.9629637	3.542818
786	-2414.268	-3072.737	658.4693	1.018083	3.326296
792	-2397.83	-3056.956	659.1264	0.9074041	3.001753
798	-2383.434	-3042.305	658.8712	1.039412	3.075438
804	-2397.601	-3055.929	658.3274	1.010099	3.414245
810	-2369.722	-3028.709	658.9876	1.102029	2.968197
816	-2402.626	-3062.94	660.3146	1.093939	2.146725
822	-2434.827	-3095.225	660.3982	1.202698	2.020209
828	-2434.586	-3094.462	659.8757	1.124887	2.408158
834	-2423.707	-3082.617	658.9092	1.05042	3.046186
840	-2439.219	-3099.09	659.8714	1.11793	2.415258
846	-2471.335	-3130.69	659.355	1.11793	2.735779
852	-2459.42	-3118.041	658.6215	1.097508	3.189467
858	-2449.502	-3108.326	658.8239	1.083343	3.077493
864	-2457.181	-3117.206	660.0249	1.178862	2.279046
870	-2452.616	-3112.076	659.4593	1.103582	2.680646
876	-2445.33	-3105.075	659.745	1.202473	2.441662
882	-2463.969	-3124.165	660.1961	1.228321	2.136369
888	-2483.214	-3143.014	659.7993	1.150708	2.440055
894	-2498.582	-3157.86	659.2777	1.036127	2.832718
900	-2501.907	-3161.049	659.1418	1.11025	2.870178
906	-2486.549	-3145.978	659.4298	0.9196211	2.811148
912	-2505.621	-3164.925	659.3046	1.080304	2.789497
918	-2478.294	-3137.158	658.8647	1.043781	3.076737
924	-2483.765	-3143.356	659.5911	0.9689207	2.682364
930	-2498.501	-3157.998	659.4978	1.073142	2.67566
936	-2498.716	-3158.302	659.5854	1.088802	2.612016
942	-2510.863	-3169.798	658.9355	1.000985	3.059977
948	-2536.016	-3194.569	658.5526	0.7829178	3.415415
954	-2499.536	-3157.422	657.8866	0.9046953	3.731866
960	-2480.62	-3139.321	658.7001	0.9260349	3.244424
966	-2452.423	-3110.974	658.5508	1.075337	3.244424
972	-2435.06	-3095.005	659.9447	1.122149	2.366251
978	-2423.048	-3083.691	660.6427	1.312061	1.779915
984	-2422.025	-3082.604	660.5788	1.376029	1.779915
990	-2439.102	-3098.916	659.8139	1.195221	2.402762
996	-2449.867	-3110.165	660.2975	1.091908	2.159213
