Iteration	Posterior	Likelihood	Prior	rate_log_sd	tree_length
0	-14207.14	-14867.11	659.9661	1.791494	1.915115
6	-12863.8	-13522.02	658.2109	2.565247	2.548756
12	-12905.46	-13563.44	657.9813	2.522	2.717169
18	-13031.25	-13690.34	659.0896	2.522	2.013035
24	-12775.74	-13434.58	658.8449	2.766731	2.013035
30	-12777.75	-13435.25	657.4968	2.033943	3.30071
36	-12461.69	-13116.2	654.5163	2.717732	4.616905
42	-12831.49	-13491.19	659.7049	2.892586	1.302405
48	-12834.48	-13491.97	657.4894	2.837248	2.824931
54	-12821.6	-13479.69	658.0897	2.645375	2.574311
60	-13565	-14224.91	659.9092	3.320279	0.4172984
66	-13219.8	-13876.8	657.0057	2.190133	3.497096
72	-13731.85	-14391.82	659.9701	2.218316	1.614295
78	-13228.72	-13888.91	660.1921	2.838683	0.902209
84	-12622.58	-13279.91	657.3258	5.520119	1.088417
90	-13050.29	-13703.69	653.3998	8.844581	1.573517
96	-12828.76	-13488.45	659.6895	2.554902	1.573517
102	-12613.19	-13271.27	658.0807	3.837441	1.80531
108	-12867.82	-13525.76	657.938	5.305021	0.5312702
114	-12986.83	-13644.87	658.0496	5.189088	0.5577333
120	-13152.49	-13805.57	653.0723	9.032337	1.674476
126	-13129.64	-13787.45	657.8057	5.433702	0.449217
132	-12991.07	-13649.76	658.6953	3.536567	1.582667
138	-13562.88	-14221.77	658.8866	2.271501	2.308229
144	-14092.86	-14752.18	659.323	2.053568	2.167545
150	-13532.73	-14192.15	659.4198	2.430863	1.85178
156	-13028.63	-13687.41	658.7828	3.820889	1.297386
162	-12973.51	-13629.79	656.2804	4.69537	2.423801
168	-12987.21	-13643.79	656.577	4.39877	2.423801
174	-13083.08	-13738.38	655.2971	3.115136	3.949761
180	-13225.64	-13880.86	655.2227	7.849331	0.8542597
186	-13002.76	-13661.63	658.8653	3.564344	1.434707
192	-13214.75	-13874.09	659.3333	3.91159	0.504956
198	-13107.76	-13766.77	659.0032	4.205109	0.6476911
204	-13131.25	-13790.57	659.3199	3.586908	1.03082
210	-13428.97	-14088.86	659.8918	2.912269	1.126646
216	-13382.03	-14041.69	659.6668	3.569418	0.5690056
222	-13275.2	-13933.56	658.3665	4.778331	0.7581849
228	-13001.35	-13659.47	658.1241	4.778331	1.03507
234	-13386.71	-14045.82	659.1062	4.067095	0.3338123
240	-13270.47	-13929.63	659.16	4.067095	0.4113998
246	-12816.59	-13476.12	659.5243	3.701109	0.4076929
252	-12821.5	-13477.21	655.7117	4.403371	2.952867
258	-14034.32	-14694.61	660.2942	2.352677	1.26194
264	-13165.82	-13824.2	658.3801	2.979074	2.17882
270	-13324.76	-13984.37	659.6132	3.216167	1.103702
276	-12882.23	-13538.18	655.948	6.177885	1.659278
282	-12775.68	-13432.69	657.0077	5.039213	1.71542
288	-13356.01	-14015.86	659.8555	3.389218	0.5094012
294	-13022.33	-13681.19	658.8593	3.509322	1.481134
300	-13140.47	-13799.24	658.7658	3.602841	1.481134
306	-12789.88	-13448.28	658.3945	4.457573	1.082798
312	-13120.28	-13779.33	659.0511	3.497871	1.341443
318	-13284.6	-13943.93	659.3377	3.897127	0.5743595
324	-12875.73	-13533.51	657.7827	4.768011	1.340006
330	-13149.68	-13808.31	658.6252	4.599984	0.6061269
336	-13017.5	-13677.03	659.5234	2.862332	1.468184
342	-12947.93	-13605.74	657.8109	3.533046	2.188703
348	-15120.11	-15780.73	660.6274	2.467441	0.8260326
354	-12961.03	-13616.92	655.8893	7.338243	0.599171
360	-13191.86	-13849.83	657.9722	4.706399	0.1374368
366	-13652.55	-14312.67	660.1169	2.796044	1.024876
372	-13112.81	-13772.01	659.1941	3.098489	1.537955
378	-13200.72	-13860.23	659.5062	2.786431	1.537955
384	-13187.13	-13846.31	659.1785	3.639158	1.114314
390	-12824.81	-13482.64	657.836	4.04797	1.828901
396	-13077.81	-13737.7	659.8905	3.35432	0.5083149
402	-13324.3	-13984.19	659.8908	2.464526	1.49112
408	-12884.22	-13540.01	655.7855	4.188461	3.037585
414	-13327.32	-13986.79	659.4654	3.181649	1.261732
420	-13038.66	-13696.8	658.1375	4.669901	1.123612
426	-13285.8	-13942.86	657.0616	5.748389	0.165924
432	-13148.51	-13807.62	659.1026	3.836462	0.9990052
438	-13139.12	-13795	655.8779	6.907768	1.143036
444	-12930.15	-13587.68	657.5267	4.728648	1.565482
450	-12966.25	-13624.64	658.3956	4.832045	0.598845
456	-14050.19	-14710.06	659.8728	2.45646	1.510718
462	-13094.72	-13750.37	655.6442	6.553162	1.607767
468	-13061.36	-13719.6	658.2414	3.902362	1.646505
474	-13256.77	-13916.05	659.2786	3.902362	0.7007271
480	-13338.95	-13998.9	659.9453	2.918714	1.071616
486	-13472.05	-14130.54	658.4843	2.185811	2.614513
492	-13024.72	-13683.72	659.0022	2.995582	1.749935
498	-13904.62	-14564.98	660.3593	2.553038	1.025417
504	-12978.18	-13636.46	658.279	4.021783	1.531864
510	-13011.75	-13670.33	658.5807	3.720147	1.531864
516	-13472.44	-14131.81	659.3742	3.720147	0.2733207
522	-13190.16	-13849.33	659.1798	3.985397	0.3260133
528	-12981.11	-13638.9	657.7833	3.397772	2.293532
534	-12756.63	-13413.51	656.8756	5.124279	1.748465
540	-12902.66	-13560.12	657.4571	5.786468	0.5267994
546	-13274.36	-13933.76	659.3922	2.49437	1.827136
552	-13016.81	-13675.65	658.8435	3.185054	1.72834
558	-13573.71	-14232.54	658.8339	2.255241	2.352131
564	-12969.78	-13625.67	655.8876	5.90792	1.889436
570	-13153.46	-13811.92	658.4543	4.101465	1.335964
576	-13610.96	-14271.14	660.175	3.064384	0.5545237
582	-13337.85	-13997.17	659.326	3.727389	0.8762967
588	-13309.21	-13968.53	659.326	3.727389	0.8762967
594	-13996.92	-14657.03	660.1083	2.945158	0.8762967
600	-13110.73	-13768.23	657.5018	5.698554	0.3651506
606	-12872.79	-13530.04	657.2453	5.50108	1.177588
612	-13131.53	-13790.99	659.4515	3.791028	0.4661486
618	-13008.25	-13665.85	657.603	5.468011	0.2599805
624	-13112.16	-13771.76	659.6013	3.643523	0.4929491
630	-12723.27	-13380.91	657.6406	3.643523	2.227421
636	-12841.04	-13499.3	658.2564	3.266565	2.071767
642	-12656.71	-13316.19	659.4728	2.709705	1.618537
648	-14263.55	-14924	660.4493	2.795127	0.5164488
654	-12821.56	-13480.22	658.6624	3.527713	1.613013
660	-12799.4	-13458.33	658.9253	4.314945	0.5499609
666	-12819.04	-13477.82	658.7765	2.946954	1.938194
672	-13058.22	-13715.88	657.6599	2.689434	2.8112
678	-13637.92	-14296.23	658.3078	2.506141	2.525243
684	-13962.57	-14621.62	659.056	2.302256	2.179448
690	-12979.15	-13635.91	656.7581	4.568426	2.199999
696	-14077.45	-14737.36	659.9081	2.541228	1.419515
702	-13051.87	-13711.37	659.4968	2.952553	1.419515
708	-13409.84	-14069.82	659.9797	2.845575	1.107434
714	-13003.41	-13661.93	658.5152	3.337268	1.850518
720	-12866.29	-13525.17	658.8803	4.116183	0.9397147
726	-13014.77	-13673.03	658.26	4.961002	0.3985459
732	-13467	-14125.85	658.8501	4.169055	0.2346559
738	-12776.31	-13434.72	658.4135	4.169055	1.314498
744	-12997.59	-13656.2	658.6105	4.631101	0.460394
750	-12918.14	-13577.27	659.1266	4.079555	0.3733916
756	-12612.28	-13270.18	657.8991	5.090708	0.9468038
762	-12457.15	-13114.14	656.9868	5.886198	1.063149
768	-12960.93	-13619.71	658.7718	4.073692	1.088809
774	-13139.44	-13798.6	659.1635	3.312045	1.399197
780	-13279.45	-13938.28	658.8308	3.64479	1.399197
786	-13013.01	-13670.43	657.426	3.718742	2.316776
792	-13098.46	-13756.72	658.2641	4.400125	1.247467
798	-13382.42	-14042.03	659.6077	2.468757	1.694497
804	-12945.41	-13603.66	658.253	3.877897	1.65571
810	-12992.65	-13651.77	659.1152	3.747558	1.072754
816	-13094.18	-13753.88	659.6962	3.485783	0.6989358
822	-12796.79	-13455.46	658.6635	3.564396	1.585592
828	-12725.38	-13384.16	658.7826	4.220823	0.9322301
834	-13197.97	-13857.57	659.6011	2.558722	1.634919
840	-12737.86	-13395.72	657.8552	5.257513	0.802939
846	-13395.53	-14054.51	658.9823	2.227369	2.27527
852	-12900.05	-13558.41	658.3616	3.648981	1.74094
858	-12656.87	-13313.47	656.5939	4.312388	2.467482
864	-13071.85	-13728.36	656.5147	6.29887	0.1668034
870	-13176.55	-13836.68	660.1342	2.553628	1.227678
876	-12706.04	-13365.19	659.1541	2.680501	1.862779
882	-13082.98	-13742.26	659.2713	2.563304	1.862779
888	-13040.1	-13698.86	658.7512	3.083433	1.862779
894	-12703.12	-13359.83	656.7066	4.102382	2.528321
900	-12795.66	-13452.78	657.1275	5.714862	1.091756
906	-12876.97	-13535.44	658.4712	4.718345	0.6854444
912	-12973.11	-13632.51	659.3991	3.625121	0.9095422
918	-12485.2	-13141.6	656.4058	6.134556	1.348236
924	-12657.09	-13314.81	657.716	3.079053	2.536986
930	-12705.1	-13364.19	659.0861	3.186285	1.552906
936	-12915.13	-13574.36	659.2299	3.197373	1.436517
942	-13070.91	-13730.5	659.5856	3.61346	0.3634996
948	-12841.33	-13499.56	658.2301	4.635559	1.070105
954	-12814.21	-13472.52	658.3121	4.490805	1.127629
960	-12725.52	-13382.51	656.9804	4.206058	2.290108
966	-12806.26	-13462.49	656.2305	4.955967	2.290108
972	-12976.65	-13636.12	659.4634	3.566549	0.9030842
978	-12916.46	-13575.36	658.9048	4.228005	0.7755254
984	-12846.39	-13504.18	657.7944	5.234415	0.9044241
990	-12872.01	-13528.31	656.3014	6.279289	1.316024
996	-12798.07	-13455.51	657.4404	4.03937	2.100191
