Iteration	Posterior	Likelihood	Prior	rate_log_sd	tree_length
0	-13224.98	-13884.04	659.0549	3.628789	1.231147
6	-13309.19	-13968.47	659.2754	3.897635	0.714294
12	-17861.18	-18522.19	661.0128	2.214067	0.4109247
18	-12971.16	-13626.8	655.6315	6.046409	1.968778
24	-12939.49	-13597.73	658.2413	3.345243	2.029715
30	-13556.45	-14216.6	660.1494	2.890321	0.8920855
36	-14166.95	-14826.96	660.0128	2.401623	1.446328
42	-14453.18	-15113.56	660.3762	2.038281	1.446328
48	-13157.21	-13815.94	658.7375	2.938051	1.970387
54	-13298.57	-13957.63	659.0624	4.172364	0.5745631
60	-14820.21	-15480.33	660.1176	2.530428	1.260968
66	-16392	-17052.9	660.8979	1.750094	1.260968
72	-14265.01	-14924.84	659.8258	2.262877	1.685802
78	-13265.55	-13924.77	659.2281	3.79549	0.9102267
84	-13590.79	-14250.78	659.9861	2.825098	1.120192
90	-13907.51	-14566.64	659.1317	2.409372	2.059803
96	-13992.75	-14652.79	660.0358	3.18042	0.3896445
102	-13016.44	-13675.7	659.264	3.394932	1.251942
108	-13126.34	-13784.72	658.373	3.116515	2.093792
114	-13793.21	-14453.27	660.0573	3.116515	0.7129933
120	-13542.16	-14202.13	659.9634	2.900596	1.071587
126	-15902.09	-16562.98	660.8939	1.794699	1.227041
132	-13247.38	-13906.83	659.4505	2.867095	1.519386
138	-12970.89	-13629.1	658.2164	4.101197	1.519386
144	-13345.62	-14004.72	659.1078	3.209831	1.519386
150	-13488.16	-14147.6	659.448	2.952506	1.456977
156	-14763.64	-15423.54	659.9099	2.099745	1.741598
162	-15588.36	-16248.9	660.5365	1.796561	1.507815
168	-12968.8	-13627.11	658.3099	4.716956	0.9065786
174	-13097.09	-13753.87	656.7734	6.325051	0.8214932
180	-17505.19	-18166.5	661.3173	1.781119	0.8214932
186	-13109.52	-13767.6	658.0826	5.141416	0.4045177
192	-12809.8	-13466.21	656.4057	4.354305	2.558802
198	-12879.77	-13539.4	659.6275	2.811985	1.427093
204	-14691.68	-15352.38	660.6965	2.262571	0.9787649
210	-14722.71	-15380.46	657.7492	1.365937	3.544138
216	-13040.28	-13698.68	658.4023	3.281804	1.964642
222	-13551.01	-14211.12	660.1095	2.851897	0.9763804
228	-13939.6	-14599.63	660.0363	3.198388	0.5750665
234	-12896.12	-13552.66	656.5457	6.489963	0.2422064
240	-13635.96	-14296.17	660.2151	2.614798	1.103214
246	-13465.63	-14125.57	659.9484	3.018598	0.9706222
252	-13448.08	-14107.61	659.5375	3.362144	1.037764
258	-14572.97	-15233.43	660.4605	2.744798	0.6542461
264	-17458.52	-18119.62	661.0958	1.521885	1.285968
270	-12985.43	-13643.43	657.9936	4.614815	1.293482
276	-13635.67	-14294.9	659.2315	2.452851	1.964443
282	-13024.53	-13682.69	658.1621	3.635811	1.887797
288	-12921.24	-13577.55	656.3092	3.311673	3.247566
294	-13279.38	-13937	657.6177	5.607888	0.4080389
300	-13087.52	-13745.24	657.7276	4.344969	1.697256
306	-13342.9	-14001.07	658.1708	2.824243	2.411695
312	-13063.2	-13721.4	658.2015	5.026789	0.5967929
318	-13220.35	-13876.36	656.0089	6.235361	1.57362
324	-13265.35	-13924.82	659.464	3.76886	0.5817867
330	-13500.88	-14159.3	658.42	2.664053	2.355379
336	-13248.24	-13906.63	658.3859	2.678641	2.367702
342	-14623.86	-15284.47	660.6133	2.479794	0.8282743
348	-17913.49	-18574.13	660.6444	1.118704	1.911399
354	-18445.14	-19106.34	661.2059	1.216324	1.440406
360	-12990.48	-13650.31	659.8285	3.351409	0.7025281
366	-13065.38	-13725.24	659.8536	3.384989	0.5586262
372	-13700.61	-14360.9	660.2977	2.474671	1.154851
378	-13874.36	-14533.49	659.1304	3.795077	0.1989472
384	-13032.59	-13692.36	659.7657	3.266193	0.9009141
390	-13135.68	-13795.58	659.8922	3.340256	0.5832957
396	-13082.23	-13739.67	657.431	5.813625	0.4872874
402	-13194.65	-13853.14	658.4969	4.709929	0.6509726
408	-14361.72	-15022.15	660.4284	2.621929	0.8798457
414	-15169.99	-15830.25	660.2677	2.93219	0.3646134
420	-14798.64	-15458.94	660.3029	2.938409	0.4588825
426	-12987.2	-13641.53	654.3255	3.579194	4.238813
432	-17161.38	-17822.16	660.7785	1.526441	1.528824
438	-13392.89	-14050.97	658.0782	2.569459	2.628417
444	-13242.22	-13900.34	658.1242	2.569459	2.599925
450	-13699.4	-14359.42	660.0195	2.995058	0.9201205
456	-13911.05	-14571.04	659.9976	2.49733	1.384074
462	-12930.21	-13588.2	657.9912	3.58491	2.036603
468	-13279.2	-13936.61	657.4188	5.192481	1.2912
474	-15245.36	-15905.75	660.3899	2.371416	1.164529
480	-15598.13	-16258.51	660.3804	2.836386	0.3905207
486	-12994.72	-13653.54	658.8259	3.082389	1.812176
492	-13173.96	-13830.78	656.8157	2.55266	3.39617
498	-14165.34	-14825.41	660.0744	2.888247	0.9751513
504	-13257.8	-13916.48	658.6868	3.828078	1.368407
510	-13891.67	-14551.75	660.0824	2.472839	1.336409
516	-15774.54	-16435.14	660.5975	1.957725	1.336409
522	-13632.73	-14292.1	659.3638	2.911657	1.550617
528	-13109.63	-13768.56	658.9257	3.349748	1.550617
534	-14798.73	-15459.34	660.6148	2.567006	0.6993356
540	-13242.05	-13901.34	659.2913	3.890483	0.6993356
546	-13493.98	-14153.69	659.7109	2.701787	1.447706
552	-13346.95	-14006.66	659.7109	2.701787	1.447706
558	-12956.1	-13615.26	659.1577	2.847694	1.744635
564	-13160.76	-13820.04	659.2756	2.847694	1.661121
570	-16957.27	-17618.19	660.9239	1.80984	1.18849
576	-13008.07	-13664.18	656.11	6.718547	1.104384
582	-13707.18	-14366.73	659.5499	3.692671	0.4662825
588	-12832.23	-13489.81	657.5828	3.087048	2.61467
594	-14335.73	-14996.05	660.3199	2.344688	1.247219
600	-16054.17	-16715.09	660.9241	2.248463	0.7150439
606	-13110.73	-13769.42	658.6928	4.525946	0.6232814
612	-12930.94	-13588.84	657.8993	5.142075	0.8901623
618	-13012.05	-13670.42	658.3694	4.874889	0.4824462
624	-12715.44	-13371.57	656.1307	3.464158	3.262904
630	-13298.65	-13958.75	660.1096	2.830359	0.9980875
636	-12814.29	-13470.71	656.4279	6.53856	0.2133218
642	-12751.24	-13408.8	657.5544	3.760025	2.207814
648	-13077.57	-13736.92	659.3533	3.790429	0.7598605
654	-13105.42	-13764.78	659.3533	3.790429	0.7598605
660	-12922.87	-13581.16	658.2834	3.790429	1.696356
666	-12873.81	-13530.92	657.112	5.522952	1.271741
672	-13731.81	-14392.17	660.3641	2.600847	0.9727225
678	-13382.53	-14042.56	660.0339	3.18717	0.6173837
684	-14545.36	-15205.31	659.9545	2.067738	1.732783
690	-13587.67	-14247.55	659.8818	2.760869	1.265416
696	-13332.36	-13991.58	659.2236	4.015107	0.4463446
702	-12734.33	-13390.98	656.6491	6.117873	1.1596
708	-13617.09	-14277.27	660.1847	3.060146	0.5052287
714	-12953.65	-13612.66	659.0095	4.12809	0.7687657
720	-12912.81	-13571.11	658.3076	4.87166	0.7037251
726	-13199.13	-13853.54	654.4101	7.942747	1.493049
732	-13791.83	-14451.2	659.3774	2.261572	1.994834
738	-13189.57	-13849.37	659.8002	2.776689	1.319051
744	-13763.38	-14423.12	659.7324	3.486704	0.3948483
750	-12858.65	-13514.77	656.1107	5.103943	2.272031
756	-12782.73	-13439.75	657.0209	5.892738	1.024151
762	-18764.73	-19426.23	661.5011	1.71839	0.6214064
768	-19216.37	-19877.8	661.4303	0.9354994	1.483256
774	-13548.22	-14208.08	659.8633	2.652473	1.367724
780	-14451.31	-15111.83	660.5204	2.423622	0.9940731
786	-12705.54	-13364	658.4576	2.880961	2.192195
792	-12473.3	-13128.7	655.3941	3.557231	3.63925
798	-12819.44	-13474.87	655.4357	2.226988	4.375724
804	-13549.25	-14208.99	659.7433	2.186401	1.797344
810	-13845.36	-14505.19	659.8302	2.186401	1.736754
816	-13459.67	-14119.53	659.867	3.377613	0.4868114
822	-15028.44	-15687	658.5514	3.893191	0.101148
828	-13015	-13674.26	659.2508	3.426131	1.236856
834	-13732.19	-14392.18	659.9876	2.689316	1.236856
840	-13139.02	-13797.65	658.6389	3.497069	1.652051
846	-13203.23	-13861.55	658.3222	3.497069	1.873247
852	-13107.79	-13766.46	658.6648	3.408921	1.696453
858	-13043.53	-13702.2	658.6648	3.408921	1.696453
864	-12895.19	-13553.14	657.9463	4.316791	1.559766
870	-12644.42	-13301.62	657.1971	4.426973	2.004735
876	-12803.71	-13463.1	659.398	3.709395	0.8100036
882	-12811.89	-13470.8	658.9027	4.063107	0.9718295
888	-12924.47	-13582.19	657.7268	4.063107	1.893257
894	-14867.2	-15527.16	659.9595	3.175038	0.3003433
900	-13110.54	-13770.02	659.4872	3.260011	1.17687
906	-14278.5	-14938.19	659.6941	2.16137	1.848458
912	-13355.88	-14014.87	658.9857	2.86977	1.848458
918	-14375.47	-15035.81	660.3343	2.227964	1.330797
924	-13373.91	-14033.91	659.9981	2.911814	1.027752
930	-15569.85	-16230.75	660.9015	2.190287	0.8299433
936	-12895.26	-13553.74	658.4821	4.643192	0.7859496
942	-19422.35	-20083.01	660.6588	0.7398212	2.153189
948	-15886.46	-16540.46	653.9932	0.7221927	6.007857
954	-13223.89	-13882.07	658.1764	4.945875	0.2914297
960	-12943.55	-13602.57	659.0223	4.186077	0.376756
966	-13848.95	-14509.09	660.1335	2.922422	0.8734438
972	-13758.84	-14418.89	660.0479	2.604078	1.257661
978	-13108.03	-13766.33	658.3029	3.127657	2.132362
984	-13998.31	-14658.67	660.3606	2.612716	0.9641052
990	-13853.53	-14512.4	658.8708	2.053937	2.455898
996	-13042.77	-13700.63	657.8644	3.684572	2.054558
