Iteration	Posterior	Likelihood	Prior	rate_log_sd	tree_length
0	-2240.463	-2900.71	660.2466	1.485979	1.932068
6	-2228.097	-2888.451	660.3533	1.395795	1.920865
12	-2236.73	-2897.371	660.6405	1.575924	1.593911
18	-2231.839	-2892.762	660.9232	1.556238	1.396178
24	-2240.969	-2901.959	660.9894	1.556238	1.344043
30	-2248.704	-2909.191	660.4867	1.344984	1.864734
36	-2231.742	-2892.241	660.4989	1.347479	1.854727
42	-2250.207	-2910.699	660.4914	1.37927	1.838033
48	-2245.194	-2906.078	660.8837	1.449119	1.508039
54	-2241.851	-2902.448	660.5969	1.399239	1.751059
60	-2233.82	-2893.933	660.1134	1.300572	2.143221
66	-2219.541	-2879.865	660.3238	1.348107	1.972782
72	-2239.549	-2899.581	660.0315	1.265946	2.218803
78	-2229.449	-2889.684	660.2352	1.249182	2.097153
84	-2223.617	-2882.962	659.3449	1.249182	2.661441
90	-2215.971	-2875.842	659.8717	1.215204	2.353562
96	-2199.812	-2859.555	659.7425	1.20671	2.440572
102	-2205.15	-2865.906	660.7563	1.341542	1.679275
108	-2208.551	-2869.154	660.6025	1.394517	1.750491
114	-2232.635	-2892.986	660.3506	1.359905	1.946872
120	-2240.974	-2901.522	660.5479	1.415467	1.773993
126	-2237.75	-2898.383	660.6336	1.336623	1.769192
132	-2255.364	-2915.311	659.9477	1.282825	2.261842
138	-2264.902	-2925.275	660.3726	1.28154	1.984674
144	-2270.643	-2931.095	660.4517	1.319629	1.905823
150	-2260.772	-2921.21	660.4385	1.341633	1.899892
156	-2254.573	-2914.715	660.1427	1.332017	2.103485
162	-2237.543	-2897.604	660.0605	1.401921	2.111559
168	-2230.485	-2891.217	660.7316	1.478817	1.598327
174	-2234.474	-2895.413	660.9393	1.5433	1.39374
180	-2249.683	-2910.272	660.5882	1.476684	1.702682
186	-2251.918	-2912.498	660.5794	1.481023	1.705836
192	-2245.566	-2906.546	660.9791	1.481023	1.41116
198	-2248.753	-2909.709	660.9554	1.504727	1.41116
204	-2240.474	-2901.369	660.8951	1.540713	1.429939
210	-2267.904	-2929.082	661.178	1.626678	1.126075
216	-2266.668	-2927.479	660.8103	1.64068	1.41827
222	-2257.517	-2918.319	660.8016	1.452841	1.566113
228	-2269.706	-2930.252	660.5462	1.350927	1.819832
234	-2270.197	-2930.928	660.7313	1.397636	1.65709
240	-2261.75	-2922.123	660.3734	1.232615	2.016774
246	-2243.863	-2904.421	660.5587	1.42451	1.760119
252	-2256.491	-2916.836	660.3452	1.441417	1.895467
258	-2254.961	-2915.501	660.541	1.441417	1.760694
264	-2256.602	-2917.1	660.4982	1.409451	1.812557
270	-2262.025	-2922.846	660.8214	1.387239	1.59962
276	-2262.666	-2923.568	660.9019	1.304577	1.601163
282	-2264.849	-2925.52	660.6713	1.439317	1.670212
288	-2274.56	-2934.81	660.2497	1.308322	2.048612
294	-2254.177	-2914.439	660.262	1.295996	2.048612
300	-2243.04	-2903.366	660.326	1.231977	2.048612
306	-2247.667	-2907.781	660.1143	1.228414	2.189543
312	-2245.522	-2904.963	659.4413	1.126509	2.67762
318	-2251.116	-2911.422	660.3058	1.165059	2.106036
324	-2259.26	-2919.992	660.7315	1.453759	1.616538
330	-2248.06	-2908.287	660.2273	1.300645	2.068498
336	-2247.251	-2907.386	660.1353	1.188746	2.20159
342	-2245.159	-2905.642	660.4831	1.341485	1.869638
348	-2234.761	-2894.994	660.2324	1.343908	2.03647
354	-2238.302	-2898.558	660.2559	1.20665	2.111469
360	-2239.191	-2898.616	659.4253	1.283882	2.590322
366	-2239.243	-2899.306	660.0625	1.135272	2.282873
372	-2245.53	-2905.453	659.9236	1.135272	2.371296
378	-2260.162	-2920.392	660.2302	1.121597	2.183631
384	-2253.26	-2912.983	659.7234	1.207206	2.452255
390	-2241.214	-2901.425	660.2114	1.220674	2.131406
396	-2228.316	-2888.168	659.8519	1.199494	2.37604
402	-2224.929	-2885.046	660.1176	1.199494	2.206085
408	-2235.238	-2895.355	660.1176	1.199494	2.206085
414	-2229.889	-2890.007	660.1176	1.199494	2.206085
420	-2225.631	-2885.749	660.1176	1.199494	2.206085
426	-2222.162	-2882.28	660.1176	1.199494	2.206085
432	-2225.154	-2885.271	660.1176	1.199494	2.206085
438	-2227.992	-2887.971	659.979	1.338163	2.206085
444	-2228.024	-2887.918	659.8939	1.117848	2.401153
450	-2245.462	-2905.756	660.2946	1.345115	1.99436
456	-2254.216	-2914.636	660.4194	1.220233	1.99436
462	-2246.817	-2906.773	659.9568	1.25398	2.274559
468	-2253.332	-2913.159	659.8265	1.25398	2.35762
474	-2260.873	-2921.023	660.1501	1.274084	2.13651
480	-2255.756	-2915.261	659.5047	1.227162	2.57628
486	-2267.96	-2927.751	659.7904	1.164252	2.437093
492	-2248.42	-2907.667	659.2465	1.122443	2.799227
498	-2228.548	-2888.412	659.864	1.155135	2.396483
504	-2251.322	-2911.029	659.7076	1.185432	2.475805
510	-2262.248	-2922.133	659.8846	1.203115	2.353009
516	-2259.923	-2918.954	659.0308	1.102175	2.942119
522	-2260.31	-2920.046	659.7357	1.070692	2.529928
528	-2264.702	-2923.971	659.2692	1.114493	2.790246
534	-2264.492	-2923.944	659.452	1.112115	2.67986
540	-2268.3	-2928.553	660.2535	1.150044	2.150018
546	-2273.041	-2932.187	659.1469	1.127056	2.856963
552	-2252.888	-2912.688	659.7996	1.115735	2.461802
558	-2236.167	-2895.45	659.2828	1.140863	2.765908
564	-2237.008	-2897.311	660.3032	1.296573	2.020915
570	-2242.567	-2902.593	660.0259	1.302407	2.198864
576	-2240.515	-2899.899	659.3838	1.176818	2.681998
582	-2244.27	-2904.562	660.2928	1.221205	2.077669
588	-2244.951	-2904.45	659.4996	1.150845	2.626699
594	-2229.474	-2889.137	659.6623	1.162004	2.518789
600	-2231.456	-2891.177	659.7209	1.195102	2.461386
606	-2233.545	-2893.675	660.1296	1.281596	2.145009
612	-2245.465	-2905.874	660.4091	1.293881	1.951976
618	-2248.447	-2908.769	660.322	1.380958	1.951976
624	-2247.328	-2908.048	660.7194	1.426881	1.64467
630	-2258.986	-2919.093	660.1076	1.31506	2.137531
636	-2265.946	-2926.09	660.1441	1.23948	2.163009
642	-2243.086	-2903.863	660.7769	1.456463	1.581558
648	-2234.521	-2895.279	660.7585	1.474879	1.581558
654	-2248.425	-2909.316	660.8911	1.417141	1.526339
660	-2246.972	-2907.937	660.9643	1.380749	1.498832
666	-2243.048	-2903.429	660.381	1.469424	1.851911
672	-2249.446	-2910.073	660.6264	1.430509	1.708361
678	-2254.27	-2914.399	660.1289	1.241912	2.171292
684	-2231.855	-2891.665	659.8098	1.231406	2.382509
690	-2233.581	-2893.043	659.4615	1.248253	2.590004
696	-2235.523	-2895.502	659.9788	1.195075	2.298129
702	-2232.192	-2891.206	659.0143	1.065937	2.973825
708	-2228.125	-2888.062	659.9366	1.142612	2.358421
714	-2245.703	-2905.594	659.8912	1.244454	2.322571
720	-2243.807	-2904.159	660.3518	1.296346	1.988729
726	-2243.142	-2902.839	659.697	1.039378	2.573456
732	-2233.232	-2893.135	659.9034	1.103602	2.404119
738	-2236.126	-2896.129	660.0031	1.241696	2.252686
744	-2228.715	-2889.031	660.3159	1.275445	2.026557
750	-2243.593	-2903.783	660.1899	1.180935	2.171253
756	-2243.536	-2903.381	659.8446	1.239268	2.35545
762	-2247.108	-2906.867	659.7586	1.241677	2.408365
768	-2253.005	-2912.811	659.8056	1.194702	2.408365
774	-2271.562	-2932.393	660.8319	1.47576	1.526785
780	-2238.001	-2898.737	660.7366	1.491998	1.585024
786	-2240.588	-2901.181	660.5939	1.498261	1.683377
792	-2253.185	-2913.837	660.6517	1.372176	1.731633
798	-2230.843	-2891.347	660.5042	1.400805	1.814447
804	-2221.979	-2882.551	660.572	1.332992	1.814447
810	-2221.711	-2882.335	660.6237	1.443207	1.701278
816	-2218.694	-2879.172	660.4779	1.277222	1.916829
822	-2221.445	-2881.207	659.762	1.187633	2.440276
828	-2238.36	-2898.029	659.6689	1.150105	2.522051
834	-2227.59	-2886.863	659.273	1.185437	2.744653
840	-2237.464	-2897.535	660.0714	1.205865	2.231808
846	-2227.241	-2886.576	659.3342	1.172102	2.715351
852	-2207.57	-2866.719	659.1481	1.078974	2.88532
858	-2214.625	-2873.77	659.1451	1.081954	2.88532
864	-2222.289	-2882.175	659.8865	1.161062	2.378467
870	-2261.828	-2922.125	660.2979	1.231218	2.067706
876	-2261.494	-2921.735	660.2411	1.281762	2.07185
882	-2249.164	-2909.246	660.0822	1.41106	2.091272
888	-2238.877	-2899.161	660.2847	1.428042	1.945427
894	-2235.127	-2894.652	659.5257	1.168115	2.599857
900	-2243.934	-2903.538	659.6036	1.101416	2.592917
906	-2247.598	-2907.038	659.44	1.145539	2.666699
912	-2252.946	-2912.331	659.3857	1.13499	2.706501
918	-2246.322	-2906.189	659.8669	1.166125	2.387669
924	-2247.04	-2906.392	659.3519	1.165512	2.708543
930	-2252.088	-2912.174	660.0856	1.272245	2.179699
936	-2245.052	-2905.28	660.228	1.334662	2.045539
942	-2259.021	-2918.389	659.368	1.269949	2.634405
948	-2251.133	-2911.158	660.0247	1.290017	2.207619
954	-2251.812	-2911.92	660.1084	1.211717	2.204168
960	-2249.37	-2908.431	659.0616	1.091653	2.929879
966	-2251.021	-2910.342	659.3212	1.053486	2.79573
972	-2249.201	-2909.107	659.9062	1.391684	2.218505
978	-2252.097	-2912.559	660.4621	1.335995	1.887686
984	-2248.932	-2909.454	660.5213	1.470246	1.754286
990	-2221.928	-2882.687	660.7596	1.52612	1.543062
996	-2222.802	-2883.577	660.7758	1.477315	1.56706
1002	-2219.117	-2879.556	660.4386	1.471445	1.810945
1008	-2214.551	-2875.292	660.7405	1.471445	1.597166
1014	-2225.354	-2886.348	660.9937	1.572944	1.327252
1020	-2220.583	-2881.652	661.0686	1.719397	1.141002
1026	-2228.271	-2889.376	661.1044	1.610515	1.204673
1032	-2237.715	-2898.058	660.3428	1.486232	1.866541
1038	-2240.75	-2900.917	660.1664	1.342581	2.080979
1044	-2250.786	-2911.151	660.3646	1.439311	1.883709
1050	-2232.333	-2892.73	660.3967	1.407168	1.883709
1056	-2230.263	-2890.66	660.3967	1.407168	1.883709
1062	-2239.519	-2900.243	660.7248	1.486111	1.597936
1068	-2230.285	-2891.015	660.7306	1.57163	1.530809
1074	-2226.735	-2887.492	660.7569	1.554236	1.52419
1080	-2226.405	-2887.5	661.0952	1.591345	1.22881
1086	-2236.042	-2896.977	660.9355	1.588345	1.361353
1092	-2230.794	-2891.513	660.7193	1.593411	1.52303
1098	-2232.115	-2892.452	660.3367	1.598571	1.793484
1104	-2227.438	-2888.184	660.7462	1.520319	1.557267
1110	-2235.029	-2895.727	660.6975	1.504159	1.60463
1116	-2235.053	-2895.638	660.585	1.485795	1.698551
1122	-2240.189	-2900.337	660.1482	1.345868	2.090777
1128	-2239.407	-2899.646	660.2398	1.254217	2.090777
1134	-2246.257	-2906.29	660.033	1.461031	2.090777
1140	-2246.704	-2906.799	660.0946	1.373843	2.107591
1146	-2243.9	-2903.968	660.0672	1.369539	2.128327
1152	-2251.767	-2911.272	659.5043	1.02605	2.700594
1158	-2232.786	-2892.555	659.7685	1.061128	2.51546
1164	-2235.882	-2896.475	660.5925	1.219999	1.877857
1170	-2236.338	-2896.852	660.514	1.37004	1.828876
1176	-2233.951	-2894.339	660.3888	1.323321	1.945805
1182	-2253.801	-2912.807	659.0066	0.9762341	3.032253
1188	-2265.037	-2923.982	658.9444	1.038431	3.032253
1194	-2249.086	-2908.546	659.46	1.126935	2.665853
1200	-2245.247	-2905.165	659.9177	1.335578	2.247222
1206	-2252.124	-2912.205	660.0813	1.335578	2.141331
1212	-2234.133	-2894.719	660.586	1.337213	1.801814
1218	-2234.907	-2894.954	660.047	1.376742	2.136836
1224	-2246.543	-2906.606	660.0628	1.293794	2.180497
1230	-2237.949	-2898.479	660.5302	1.320852	1.851485
1236	-2233.899	-2893.819	659.9206	1.312654	2.260088
1242	-2230.633	-2890.514	659.8807	1.352564	2.260088
1248	-2236.402	-2896.737	660.3349	1.408578	1.924682
1254	-2228.097	-2888.306	660.2087	1.302313	2.079629
1260	-2238.367	-2898.92	660.5539	1.437808	1.754204
1266	-2239.415	-2899.976	660.5612	1.303196	1.842354
1272	-2233.366	-2893.726	660.3599	1.324063	1.964722
1278	-2251.992	-2912.831	660.8389	1.290781	1.656561
1284	-2219.798	-2879.968	660.1696	1.216087	2.161614
1290	-2214.317	-2874.22	659.9031	1.216087	2.333027
1296	-2225.493	-2885.367	659.8744	1.244828	2.333027
1302	-2242.77	-2902.866	660.096	1.221928	2.205546
1308	-2245.14	-2905.426	660.2858	1.357461	1.991945
1314	-2253.893	-2913.774	659.8814	1.181157	2.368989
1320	-2254.328	-2914.552	660.2242	1.24763	2.105379
1326	-2232.772	-2892.839	660.0669	1.24763	2.20778
1332	-2231.69	-2891.72	660.0307	1.283785	2.20778
1338	-2215.597	-2875.751	660.1547	1.24978	2.14937
1344	-2223.014	-2882.457	659.4423	1.144364	2.666001
1350	-2214.934	-2874.828	659.8943	1.162852	2.372391
1356	-2218.132	-2877.759	659.6264	1.159403	2.542745
1362	-2226.631	-2886.823	660.192	1.229517	2.138267
1368	-2233.324	-2893.082	659.7581	1.244764	2.406715
1374	-2242.042	-2902.28	660.2376	1.218545	2.115631
1380	-2251.707	-2911.711	660.0038	1.218545	2.267144
1386	-2268.226	-2928.646	660.4203	1.347913	1.907978
1392	-2274.354	-2934.751	660.3968	1.371341	1.907978
1398	-2263.913	-2924.664	660.7511	1.380165	1.655417
1404	-2257.934	-2918.35	660.4157	1.333649	1.920718
1410	-2252.448	-2912.828	660.3796	1.36975	1.920718
1416	-2260.568	-2920.655	660.087	1.272405	2.178697
1422	-2257.681	-2918.16	660.479	1.344413	1.87039
1428	-2254.49	-2914.9	660.4098	1.370242	1.899901
1434	-2262.886	-2923.341	660.4551	1.371427	1.868296
1440	-2245.014	-2905.508	660.4933	1.333226	1.868296
1446	-2240.993	-2901.423	660.4304	1.396123	1.868296
1452	-2237.56	-2898.014	660.4532	1.325856	1.900576
1458	-2236.479	-2896.787	660.308	1.187414	2.089915
1464	-2249.359	-2910.057	660.6985	1.280494	1.76308
1470	-2253.373	-2913.906	660.5336	1.416268	1.783331
1476	-2247.637	-2908.446	660.8089	1.456341	1.558164
1482	-2252.542	-2913.207	660.6647	1.301753	1.771806
1488	-2247.689	-2907.565	659.8754	1.296464	2.299431
1494	-2235.452	-2895.595	660.1428	1.382575	2.07014
1500	-2230.874	-2891.224	660.3502	1.438836	1.893789
1506	-2225.485	-2885.714	660.229	1.438836	1.975557
1512	-2235.825	-2896.444	660.6191	1.39685	1.737224
1518	-2237.72	-2898.321	660.6009	1.414992	1.737224
1524	-2234.645	-2894.842	660.1965	1.297486	2.09082
1530	-2239.189	-2899.665	660.4754	1.321405	1.888518
1536	-2246.573	-2906.958	660.3852	1.323871	1.947868
1542	-2249.037	-2909.751	660.7136	1.361748	1.695261
1548	-2239.774	-2900.487	660.7135	1.361866	1.695261
1554	-2242.365	-2903.197	660.8323	1.438299	1.55422
1560	-2252.171	-2912.5	660.3286	1.341592	1.973988
1566	-2244.184	-2904.785	660.6006	1.385635	1.758021
1572	-2239.075	-2900.002	660.9269	1.467301	1.461751
1578	-2245.455	-2906.321	660.866	1.551418	1.444022
1584	-2231.908	-2892.834	660.9261	1.491387	1.444022
1590	-2230.828	-2891.591	660.7634	1.525151	1.540974
1596	-2239.563	-2900.498	660.9353	1.530244	1.406963
1602	-2232.755	-2893.905	661.1498	1.694015	1.090393
1608	-2248.424	-2909.469	661.0449	1.80994	1.080197
1614	-2235.304	-2896.382	661.0779	1.688492	1.160081
1620	-2227.575	-2888.665	661.0898	1.69036	1.147964
1626	-2236.615	-2897.804	661.189	1.650505	1.094391
1632	-2236.426	-2897.49	661.0636	1.828375	1.045098
1638	-2232.951	-2894.043	661.0925	1.724429	1.115004
1644	-2256.322	-2917.47	661.1477	1.549947	1.219425
1650	-2252.203	-2912.986	660.7829	1.37913	1.633362
1656	-2249.842	-2910.81	660.9678	1.446673	1.446308
1662	-2262.459	-2922.681	660.2216	1.399928	2.00646
1668	-2248.314	-2908.633	660.319	1.398567	1.942149
1674	-2244.601	-2905.314	660.713	1.388593	1.676607
1680	-2252.75	-2913.701	660.9511	1.534951	1.391015
1686	-2266.093	-2926.468	660.3751	1.32892	1.951272
1692	-2276.74	-2937.536	660.796	1.477999	1.551734
1698	-2282.903	-2943.341	660.4374	1.431028	1.839564
1704	-2301.569	-2961.904	660.3348	1.416721	1.919212
1710	-2287.671	-2947.976	660.3041	1.47419	1.901096
1716	-2281.441	-2941.997	660.5554	1.47419	1.72761
1722	-2275.968	-2936.79	660.8215	1.395805	1.593302
1728	-2265.039	-2924.952	659.913	1.281326	2.28509
1734	-2263.825	-2924.083	660.2586	1.273602	2.065673
1740	-2256.744	-2916.597	659.8537	1.297249	2.312787
1746	-2260.63	-2919.554	658.9247	1.160052	2.971107
1752	-2260.474	-2920.341	659.8665	1.352575	2.269202
1758	-2255.256	-2915.27	660.0139	1.382958	2.154345
1764	-2258.626	-2919.139	660.513	1.382958	1.820663
1770	-2263.108	-2923.682	660.5745	1.406839	1.761429
1776	-2254.578	-2915.595	661.0167	1.517095	1.353465
1782	-2255.196	-2916.12	660.9244	1.665905	1.308238
1788	-2262.215	-2922.908	660.693	1.554787	1.57099
1794	-2249.947	-2910.746	660.7989	1.563031	1.48614
1800	-2250.59	-2911.394	660.8049	1.563031	1.48165
1806	-2237.582	-2898.698	661.1157	1.749773	1.070217
1812	-2256.629	-2917.515	660.8862	1.507687	1.462009
1818	-2243.54	-2904.061	660.5206	1.397388	1.805419
1824	-2228.326	-2888.785	660.4588	1.427055	1.827628
1830	-2234.739	-2894.821	660.0821	1.207951	2.223584
1836	-2231.103	-2891.11	660.0075	1.184727	2.286406
1842	-2230.127	-2890.361	660.2332	1.246729	2.100031
1848	-2225.753	-2885.463	659.7105	1.186948	2.473052
1854	-2237.523	-2897.493	659.9699	1.258763	2.263073
1860	-2250.132	-2910.141	660.0091	1.219538	2.263073
1866	-2251.593	-2911.623	660.0303	1.298109	2.198792
1872	-2239.652	-2899.955	660.3038	1.292855	2.022993
1878	-2247.329	-2907.312	659.9824	1.237432	2.268761
1884	-2258.87	-2918.863	659.9938	1.134818	2.327009
1890	-2250.675	-2911.157	660.4824	1.30928	1.891991
1896	-2229.036	-2889.422	660.3864	1.405336	1.891991
1902	-2240.246	-2901.021	660.7748	1.488193	1.559804
1908	-2238.12	-2898.918	660.798	1.423368	1.590322
1914	-2239.479	-2900.035	660.5552	1.403051	1.777531
1920	-2252.124	-2912.829	660.7051	1.491662	1.608235
1926	-2236.358	-2897.355	660.9971	1.653218	1.259021
1932	-2241.683	-2902.752	661.0683	1.725164	1.136108
1938	-2228.959	-2890.061	661.1019	1.74132	1.090919
1944	-2233.926	-2895.116	661.1896	1.746307	1.002199
1950	-2231.056	-2892.22	661.164	1.79099	0.9829386
1956	-2235.57	-2896.678	661.1073	1.741354	1.085924
1962	-2226.776	-2887.891	661.1157	1.726688	1.091764
1968	-2236.129	-2897.132	661.0037	1.672717	1.237292
1974	-2229.936	-2890.379	660.4426	1.638834	1.690998
1980	-2240.432	-2901.468	661.0366	1.638834	1.23812
1986	-2239.712	-2900.581	660.8692	1.6198	1.38872
1992	-2250.334	-2911.487	661.1522	1.731236	1.053302
1998	-2245.863	-2906.887	661.0242	1.773334	1.132463
2004	-2241.194	-2900.985	659.7918	1.106634	2.472393
2010	-2238.867	-2897.658	658.7908	1.083357	3.097215
2016	-2253.476	-2912.943	659.4664	1.203996	2.614325
2022	-2245.918	-2905.361	659.4429	1.110899	2.686222
2028	-2250.866	-2910.797	659.9316	1.267816	2.281825
2034	-2264.251	-2924.766	660.5158	1.25518	1.906051
2040	-2249.143	-2909.383	660.2401	1.345222	2.030555
2046	-2232.416	-2892.672	660.2559	1.296007	2.052634
2052	-2253.16	-2914.092	660.9322	1.523972	1.414262
2058	-2241.938	-2902.89	660.9523	1.39505	1.497148
2064	-2238.081	-2898.897	660.8162	1.387184	1.603395
2070	-2241.432	-2902.311	660.8784	1.63112	1.372657
2076	-2239.552	-2900.847	661.2947	1.654835	0.9885211
2082	-2234.212	-2895.197	660.9847	1.654835	1.267991
2088	-2232.557	-2893.374	660.8172	1.417657	1.580441
2094	-2250.09	-2910.842	660.7519	1.35028	1.676238
2100	-2245.558	-2906.374	660.8159	1.501157	1.51979
2106	-2255.647	-2916.702	661.0547	1.440438	1.383956
2112	-2243.426	-2903.611	660.1843	1.350013	2.064284
2118	-2227.675	-2888.537	660.8621	1.45664	1.518533
2124	-2226.658	-2887.24	660.5819	1.45664	1.721308
2130	-2231.846	-2892.328	660.4817	1.399573	1.83076
2136	-2237.212	-2897.749	660.5363	1.28637	1.870943
2142	-2236.541	-2896.733	660.1913	1.285416	2.102165
2148	-2230.997	-2890.751	659.7548	1.285416	2.383112
2154	-2233.534	-2893.416	659.8813	1.243832	2.329259
2160	-2228.807	-2888.558	659.7513	1.273445	2.392933
2166	-2211.721	-2872.317	660.5961	1.435048	1.726504
2172	-2226.738	-2887.498	660.7602	1.471843	1.582514
2178	-2229.616	-2890.501	660.8857	1.310882	1.608367
2184	-2233.679	-2894.57	660.8915	1.357878	1.569812
2190	-2239.042	-2899.793	660.7507	1.38241	1.654112
2196	-2232.826	-2893.289	660.4633	1.282373	1.923176
2202	-2231.883	-2891.105	659.2215	1.14688	2.799554
2208	-2219.075	-2878.798	659.723	1.219363	2.444843
2214	-2218.251	-2878.661	660.4099	1.350256	1.913391
2220	-2239.749	-2899.917	660.1684	1.298731	2.10844
2226	-2252.847	-2912.72	659.8728	1.204314	2.359769
2232	-2255.405	-2915.199	659.7938	1.240695	2.38674
2238	-2238.618	-2898.675	660.0571	1.262278	2.204618
2244	-2229.983	-2890.596	660.6128	1.363027	1.765299
2250	-2227.207	-2887.356	660.1494	1.267604	2.141201
2256	-2221.215	-2881.448	660.2329	1.251476	2.097165
2262	-2213.984	-2874.355	660.3702	1.255791	2.003486
2268	-2236.57	-2897.313	660.7436	1.291589	1.723657
2274	-2253.044	-2913.574	660.5295	1.43083	1.776051
2280	-2243.471	-2904.296	660.8245	1.505891	1.509878
2286	-2254.712	-2915.67	660.9585	1.527938	1.390746
2292	-2249.132	-2909.989	660.8572	1.481972	1.50329
2298	-2241.649	-2902.549	660.9001	1.439017	1.50329
2304	-2240.524	-2901.396	660.8721	1.467039	1.50329
2310	-2246.81	-2907.356	660.5468	1.474021	1.73379
2316	-2260.722	-2921.564	660.8416	1.439756	1.546258
2322	-2260.393	-2920.524	660.1314	1.246328	2.166801
2328	-2263.794	-2923.907	660.1125	1.264528	2.167257
2334	-2254	-2914.873	660.8728	1.39134	1.558999
2340	-2248.009	-2908.38	660.3708	1.255224	2.003436
2346	-2257.79	-2918.823	661.0322	1.328086	1.487395
2352	-2257.233	-2917.526	660.2929	1.301268	2.024632
2358	-2243.276	-2903.663	660.3868	1.367026	1.91767
2364	-2239.614	-2900.575	660.9611	1.34529	1.527732
2370	-2247.676	-2908.277	660.6017	1.435905	1.721935
2376	-2242.106	-2902.718	660.6117	1.40821	1.734393
2382	-2251.97	-2912.335	660.3647	1.27089	1.997101
2388	-2267.023	-2926.604	659.5808	1.073153	2.624522
2394	-2263.211	-2922.584	659.373	1.15275	2.703411
2400	-2253.233	-2912.736	659.5024	1.141141	2.630914
2406	-2264.673	-2924.569	659.896	1.063844	2.433866
2412	-2250.938	-2910.26	659.3224	1.002404	2.826078
2418	-2242.209	-2902.54	660.3316	1.240257	2.039478
2424	-2233.615	-2894.072	660.457	1.332054	1.893823
2430	-2243.082	-2903.57	660.4875	1.301526	1.893823
2436	-2243.604	-2903.968	660.3645	1.315461	1.967427
2442	-2244.66	-2905.05	660.39	1.289958	1.967427
2448	-2237.193	-2897.482	660.2884	1.176158	2.110153
2454	-2249.712	-2909.889	660.1769	1.250595	2.134381
2460	-2255.265	-2915.049	659.7842	1.308716	2.349729
2466	-2243.772	-2904.378	660.6066	1.31777	1.801
2472	-2239.922	-2900.517	660.5951	1.329319	1.801
2478	-2237.26	-2897.364	660.1043	1.301001	2.148854
2484	-2242.029	-2902.624	660.5951	1.309752	1.814547
2490	-2245.212	-2905.715	660.5029	1.40193	1.814547
2496	-2249.298	-2910.275	660.9771	1.439696	1.444511
2502	-2254.098	-2914.328	660.2305	1.284306	2.077131
2508	-2251.439	-2911.954	660.515	1.283417	1.887423
2514	-2245.352	-2905.486	660.134	1.306536	2.125878
2520	-2239.662	-2899.254	659.5926	1.32606	2.459729
2526	-2237.821	-2897.59	659.7695	1.186701	2.436151
2532	-2249.688	-2909.834	660.1467	1.188561	2.194331
2538	-2243.468	-2903.694	660.2266	1.309541	2.063037
2544	-2227.536	-2887.766	660.2293	1.306888	2.063037
2550	-2232.357	-2892.326	659.9696	1.179394	2.314057
2556	-2246.781	-2906.479	659.6982	1.25877	2.435685
2562	-2239.421	-2899.803	660.3817	1.276031	1.982276
2568	-2234.463	-2895.196	660.7327	1.611351	1.499581
2574	-2253.031	-2914.039	661.0084	1.611351	1.28423
2580	-2237.715	-2898.644	660.9291	1.593007	1.362726
2586	-2233.477	-2894.162	660.6851	1.448004	1.654148
2592	-2238.347	-2899.107	660.7607	1.57988	1.502234
2598	-2239.131	-2900.047	660.9164	1.582625	1.380879
2604	-2223.979	-2884.664	660.6847	1.380573	1.702416
2610	-2258.941	-2919.232	660.2906	1.408661	1.954437
2616	-2261.94	-2921.857	659.917	1.247588	2.304084
2622	-2240.668	-2900.864	660.1956	1.275433	2.105914
2628	-2235.744	-2895.586	659.842	1.144479	2.417103
2634	-2245.99	-2905.743	659.7533	1.116332	2.490423
2640	-2261.503	-2921.714	660.2108	1.262066	2.104702
2646	-2272.165	-2932.714	660.5482	1.275761	1.870025
2652	-2249.822	-2909.833	660.0112	1.340752	2.183538
2658	-2244.557	-2904.856	660.2998	1.343775	1.99179
2664	-2253.092	-2913.326	660.2339	1.302172	2.063095
2670	-2257.919	-2917.908	659.9887	1.21762	2.277373
2676	-2267.113	-2927.017	659.9045	1.180577	2.354723
2682	-2258.553	-2919.126	660.5732	1.234781	1.880912
2688	-2234.686	-2894.935	660.2487	1.299153	2.055334
2694	-2242.252	-2902.331	660.0787	1.18458	2.240815
2700	-2234.955	-2895.123	660.168	1.173234	2.190467
2706	-2238.609	-2898.366	659.757	1.160947	2.460191
2712	-2220.217	-2880.665	660.4478	1.410193	1.846786
2718	-2228.009	-2888.06	660.0512	1.238401	2.22386
2724	-2238.819	-2899.015	660.1958	1.225093	2.138686
2730	-2239.65	-2899.67	660.02	1.219126	2.256371
2736	-2245.056	-2905.182	660.1257	1.268535	2.156084
2742	-2238.382	-2898.547	660.1645	1.268535	2.130751
2748	-2241.662	-2901.866	660.2045	1.281198	2.096269
2754	-2255.883	-2916.452	660.5689	1.363912	1.79517
2760	-2269.814	-2930.347	660.5322	1.349785	1.830296
2766	-2278.681	-2939.123	660.4423	1.355661	1.887723
2772	-2282.715	-2942.869	660.1548	1.189311	2.188625
2778	-2272.234	-2932.354	660.12	1.31276	2.130941
2784	-2274.541	-2934.506	659.9642	1.214137	2.295277
2790	-2260.6	-2920.444	659.8433	1.108341	2.439024
2796	-2266.756	-2926.35	659.5934	1.166022	2.559162
2802	-2265.879	-2925.963	660.0849	1.246024	2.197164
2808	-2249.377	-2909.779	660.4027	1.288015	1.96018
2814	-2258.836	-2919.147	660.3103	1.218454	2.067919
2820	-2263.674	-2923.557	659.8823	1.233494	2.335182
2826	-2251.348	-2911.298	659.9496	1.166176	2.335182
2832	-2243.483	-2903.575	660.0912	1.259478	2.184378
2838	-2250.457	-2910.893	660.4364	1.362321	1.887259
2844	-2266.235	-2926.575	660.3401	1.344741	1.964174
2850	-2269.584	-2930.423	660.8387	1.548399	1.467158
2856	-2258.827	-2919.782	660.9555	1.332351	1.541464
2862	-2239.182	-2900.07	660.8888	1.441445	1.509957
2868	-2238.225	-2898.77	660.5448	1.364756	1.811253
2874	-2236.717	-2896.775	660.0581	1.371513	2.133023
2880	-2262.073	-2922.103	660.0291	1.187367	2.270861
2886	-2249.477	-2909.849	660.3725	1.267054	1.994458
2892	-2245.87	-2906.242	660.3725	1.267054	1.994458
2898	-2255.078	-2915.45	660.3725	1.267054	1.994458
2904	-2262.612	-2922.984	660.3725	1.267054	1.994458
2910	-2258.006	-2918.378	660.3725	1.267054	1.994458
2916	-2256.851	-2917.224	660.3725	1.267054	1.994458
2922	-2256.49	-2916.863	660.3725	1.267054	1.994458
2928	-2247.954	-2908.326	660.3725	1.267054	1.994458
2934	-2248.68	-2909.053	660.3725	1.267054	1.994458
2940	-2247.653	-2908.026	660.3725	1.267054	1.994458
2946	-2239.942	-2900.315	660.3725	1.267054	1.994458
2952	-2240.231	-2900.603	660.3725	1.267054	1.994458
2958	-2241.156	-2901.528	660.3725	1.267054	1.994458
2964	-2233.366	-2893.738	660.3725	1.267054	1.994458
2970	-2237.066	-2897.438	660.3725	1.267054	1.994458
2976	-2237.525	-2897.897	660.3725	1.267054	1.994458
2982	-2238.079	-2898.451	660.3725	1.267054	1.994458
2988	-2236.958	-2897.33	660.3725	1.267054	1.994458
2994	-2242.367	-2902.74	660.3725	1.267054	1.994458
3000	-2237.564	-2897.936	660.3725	1.267054	1.994458
3006	-2243.845	-2904.217	660.3725	1.267054	1.994458
3012	-2233.459	-2893.832	660.3725	1.267054	1.994458
3018	-2234.16	-2894.532	660.3725	1.267054	1.994458
3024	-2241.429	-2901.802	660.3725	1.267054	1.994458
3030	-2239.099	-2898.798	659.699	1.148083	2.504569
3036	-2254.272	-2913.639	659.367	1.16172	2.701599
3042	-2242.05	-2901.729	659.6797	1.094902	2.549699
3048	-2244.396	-2903.554	659.1585	1.094902	2.869413
3054	-2260.502	-2920.608	660.1058	1.087898	2.285467
3060	-2248.598	-2908.97	660.3725	1.267054	1.994458
3066	-2240.404	-2900.776	660.3725	1.267054	1.994458
3072	-2236.363	-2896.736	660.3725	1.267054	1.994458
3078	-2240.072	-2900.444	660.3725	1.267054	1.994458
3084	-2246.323	-2906.696	660.3725	1.267054	1.994458
3090	-2246.277	-2906.65	660.3725	1.267054	1.994458
3096	-2241.665	-2902.038	660.3725	1.267054	1.994458
3102	-2245.395	-2905.767	660.3725	1.267054	1.994458
3108	-2244.524	-2904.896	660.3725	1.267054	1.994458
3114	-2248.872	-2909.245	660.3725	1.267054	1.994458
3120	-2244.708	-2905.081	660.3725	1.267054	1.994458
3126	-2244.15	-2904.522	660.3725	1.267054	1.994458
3132	-2244.564	-2904.936	660.3725	1.267054	1.994458
3138	-2244.249	-2904.621	660.3725	1.267054	1.994458
3144	-2242.83	-2903.203	660.3725	1.267054	1.994458
3150	-2236.077	-2896.449	660.3725	1.267054	1.994458
3156	-2239.868	-2900.241	660.3725	1.267054	1.994458
3162	-2245.49	-2905.862	660.3725	1.267054	1.994458
3168	-2250.257	-2910.63	660.3725	1.267054	1.994458
3174	-2241.137	-2901.509	660.3725	1.267054	1.994458
3180	-2245.584	-2905.956	660.3725	1.267054	1.994458
3186	-2255.254	-2915.627	660.3725	1.267054	1.994458
3192	-2261.441	-2921.124	659.6835	1.256783	2.44617
3198	-2250.923	-2910.633	659.7096	1.230633	2.44617
3204	-2258.833	-2919.205	660.3725	1.267054	1.994458
3210	-2253.241	-2913.614	660.3725	1.267054	1.994458
3216	-2257.264	-2917.637	660.3725	1.267054	1.994458
3222	-2262.651	-2923.024	660.3725	1.267054	1.994458
3228	-2258.374	-2918.746	660.3725	1.267054	1.994458
3234	-2250.639	-2911.011	660.3725	1.267054	1.994458
3240	-2253.874	-2914.247	660.3725	1.267054	1.994458
3246	-2254.576	-2914.949	660.3725	1.267054	1.994458
3252	-2244.137	-2904.509	660.3725	1.267054	1.994458
3258	-2246.816	-2907.189	660.3725	1.267054	1.994458
3264	-2248.711	-2909.083	660.3725	1.267054	1.994458
3270	-2249.151	-2909.524	660.3725	1.267054	1.994458
3276	-2244.687	-2905.06	660.3725	1.267054	1.994458
3282	-2245.393	-2905.766	660.3725	1.267054	1.994458
3288	-2247.439	-2907.811	660.3725	1.267054	1.994458
3294	-2250.322	-2910.694	660.3725	1.267054	1.994458
3300	-2253.311	-2913.683	660.3725	1.267054	1.994458
3306	-2255.772	-2916.144	660.3725	1.267054	1.994458
3312	-2250.769	-2911.142	660.3725	1.267054	1.994458
3318	-2253.022	-2913.394	660.3725	1.267054	1.994458
3324	-2254	-2914.373	660.3725	1.267054	1.994458
3330	-2258.569	-2918.942	660.3725	1.267054	1.994458
3336	-2254.405	-2914.778	660.3725	1.267054	1.994458
3342	-2260.954	-2921.327	660.3725	1.267054	1.994458
3348	-2256.173	-2916.546	660.3725	1.267054	1.994458
3354	-2254.506	-2914.878	660.3725	1.267054	1.994458
3360	-2251.466	-2911.839	660.3725	1.267054	1.994458
3366	-2257.677	-2918.05	660.3725	1.267054	1.994458
3372	-2264.269	-2924.641	660.3725	1.267054	1.994458
3378	-2257.639	-2918.012	660.3725	1.267054	1.994458
3384	-2257.937	-2918.309	660.3725	1.267054	1.994458
3390	-2258.108	-2918.48	660.3725	1.267054	1.994458
3396	-2257.125	-2917.497	660.3725	1.267054	1.994458
3402	-2259.009	-2919.382	660.3725	1.267054	1.994458
3408	-2263.082	-2923.454	660.3725	1.267054	1.994458
3414	-2263.633	-2924.005	660.3725	1.267054	1.994458
3420	-2260.24	-2920.612	660.3725	1.267054	1.994458
3426	-2256.135	-2916.507	660.3725	1.267054	1.994458
3432	-2248.051	-2908.424	660.3725	1.267054	1.994458
3438	-2243.231	-2903.604	660.3725	1.267054	1.994458
3444	-2250.775	-2911.148	660.3725	1.267054	1.994458
