Iteration	Posterior	Likelihood	Prior	rate_log_sd	tree_length
0	-25813.34	-26476.17	662.8315	0.3468183	0.7054121
6	-21599.82	-22262.05	662.2229	0.6140376	1.096773
12	-13805.52	-14465.94	660.4154	2.815669	0.5878735
18	-27466.66	-28129.63	662.9672	0.2513301	0.393802
24	-12905.31	-13561.18	655.8647	4.93038	2.537009
30	-20966.41	-21628.35	661.9475	1.296656	0.5197376
36	-20117.41	-20778.67	661.26	0.6042544	1.842465
42	-13421.6	-14081.34	659.7424	3.28285	0.9083175
48	-18913.1	-19574.31	661.2122	1.09353	1.528209
54	-27704.63	-28367.76	663.1344	0.02954162	0.7291533
60	-20615.65	-21277.21	661.5548	0.7599951	1.521499
66	-23038.08	-23700.28	662.1992	0.4212993	1.283674
72	-13268.73	-13928.04	659.3094	3.870636	0.7024294
78	-25862.44	-26525.38	662.9387	0.2718521	0.6428262
84	-23477.58	-24139.57	661.9951	1.226648	0.3999908
90	-18910.51	-19571.93	661.4147	1.829871	0.4870215
96	-16171.47	-16832.65	661.1815	1.912233	0.8275259
102	-19480.53	-20142.36	661.8279	1.265822	0.8275259
108	-18107.18	-18768.39	661.2035	1.133714	1.504759
114	-28444.94	-29103.87	658.9268	2.240708	0.02418113
120	-28717.88	-29380.36	662.484	0.5440831	0.2386791
126	-20324.09	-20986.08	661.9874	0.8455994	1.100373
132	-23876.45	-24537.8	661.3537	1.56962	0.1982397
138	-12778.52	-13434.81	656.2927	4.532389	2.518288
144	-24259.3	-24921.62	662.322	0.9108565	0.4261784
150	-24671.38	-25333.83	662.4502	0.7826193	0.4261784
156	-23733.75	-24396.31	662.5653	0.6695644	0.5743138
162	-13901.85	-14562.25	660.3989	2.691972	0.8311521
168	-26155.58	-26818.41	662.8374	0.3858591	0.6113157
174	-14526.84	-15186.02	659.1838	3.614295	0.1630075
180	-23244.47	-23906.19	661.716	1.38575	0.2778987
186	-19010.84	-19672.46	661.6176	0.9876294	1.296081
192	-28203.38	-28866.2	662.8215	0.3124509	0.2999176
198	-22630.41	-23291.87	661.4593	1.566114	0.2374784
204	-30841.45	-31503.27	661.8179	0.7594155	0.1199231
210	-35814.16	-36476.42	662.2595	0.141213	0.09576413
216	-29103.74	-29766.94	663.2012	0.04114525	0.5369359
222	-26279.76	-26942.67	662.9194	0.07232451	0.9447227
228	-26375.91	-27038.74	662.8302	0.3954017	0.604852
234	-30763.99	-31426.65	662.6615	0.3954017	0.2525659
240	-27761.43	-28423.75	662.3216	0.8018121	0.2922164
246	-22701.02	-23363.08	662.0559	0.5173906	1.321937
252	-28953.94	-29616.53	662.5905	0.4778126	0.2585285
258	-24441.58	-25104.15	662.5709	0.6318748	0.6594682
264	-25560.57	-26223.14	662.5619	0.6818495	0.47614
270	-18376.73	-19036.66	659.9272	0.9041688	2.514386
276	-26069.05	-26731.29	662.2423	0.9465091	0.3506229
282	-26284.78	-26947.56	662.7834	0.06352042	1.087536
288	-20713.5	-21375.33	661.8221	1.057336	1.057086
294	-14884.19	-15543.92	659.7324	1.948917	1.966526
300	-22649.48	-23310.25	660.7704	0.0771034	2.504268
306	-32688.92	-33351.05	662.1309	0.42696	0.1169055
312	-23894.2	-24555.72	661.5229	1.478908	0.2272405
318	-29197.71	-29860.09	662.3831	0.6187213	0.2272405
324	-25148.28	-25810.88	662.5986	0.6187213	0.6268249
330	-14384.42	-15043.95	659.5251	2.205614	1.933275
336	-18781.67	-19443.13	661.4633	1.64772	0.8051512
342	-23519.77	-24181.09	661.3125	1.64772	0.2109982
348	-27174.06	-27836.11	662.0465	0.916403	0.212014
354	-26030	-26692.71	662.7135	0.5296363	0.4704622
360	-28516.27	-29179.37	663.0999	0.1176527	0.3918608
366	-22832.49	-23494.83	662.3404	0.6365265	0.960355
372	-23625.72	-24288.21	662.4874	0.4925633	0.9571359
378	-13130.81	-13789.25	658.4406	4.780257	0.6179357
384	-21130.15	-21791.68	661.5276	0.6298092	1.636647
390	-20651.35	-21313.41	662.0571	1.062234	0.7941267
396	-20142.57	-20803.89	661.3166	0.7849553	1.67663
402	-22611.21	-23272.95	661.7371	0.3645396	1.67663
408	-23684.58	-24346.4	661.8153	0.1168653	1.795607
414	-28516.89	-29179.98	663.0896	0.1547475	0.5176874
420	-24829.79	-25492.16	662.3676	0.01231333	1.472576
426	-21784.22	-22444.98	660.7538	0.004587601	2.559804
432	-21439.24	-22100.47	661.2289	0.004024115	2.260318
438	-22218.7	-22880.15	661.4471	0.02389125	2.105904
444	-22123.54	-22784.86	661.3225	0.3266543	1.988024
450	-29596.38	-30259.41	663.0272	0.19126	0.3936354
456	-12973.7	-13631.06	657.3538	5.477696	1.101745
462	-19952.12	-20613.77	661.6469	1.184558	1.101745
468	-18935.45	-19596.94	661.4958	1.536761	0.9002229
474	-25229.47	-25892	662.5295	0.6834127	0.637337
480	-18196.18	-18856.98	660.8031	1.167353	1.768993
486	-19599.03	-20260.67	661.6439	1.590047	0.5776939
492	-23379.56	-24041.89	662.3352	0.904567	0.4509892
498	-28163.3	-28826.25	662.9493	0.264818	0.3859573
504	-13199.56	-13858.72	659.1672	3.167971	1.506295
510	-16362.44	-17023.51	661.0698	2.128858	0.6679971
516	-15399.94	-16060.4	660.461	2.011789	1.401404
522	-32749.15	-33411.65	662.5039	0.2460609	0.1519385
528	-22081.07	-22743.15	662.0839	0.9454922	0.9037513
534	-29524.09	-30186.81	662.7168	0.4161502	0.2991436
540	-23379.82	-24041.31	661.4939	0.05857653	2.052302
546	-27205.17	-27868.18	663.0049	0.09348843	0.8216286
552	-15864.52	-16522.92	658.4006	1.357722	3.166118
558	-24944.73	-25606.64	661.9071	1.323297	0.5900002
564	-25889.3	-26552.06	662.7597	0.4097761	0.7201028
570	-27884.08	-28547.15	663.0654	0.1484745	0.6352241
576	-24827.72	-25490.22	662.4994	0.2612665	1.165134
582	-20856.39	-21517.25	660.862	0.6586453	2.073255
588	-21632.45	-22292.94	660.4893	0.0378672	2.702555
594	-26692.45	-27354.67	662.2212	0.8579817	0.2644879
600	-14328.08	-14988.47	660.3955	2.413904	1.12183
606	-17105.47	-17766.64	661.1662	1.99444	0.7342899
612	-13696.17	-14355.91	659.7376	3.423044	0.7342899
618	-22401.98	-23063.48	661.4976	0.2317764	1.934166
624	-23501.97	-24164.2	662.224	0.2138803	1.42834
630	-18540.14	-19201.05	660.9141	1.125915	1.720255
636	-17535.66	-18196.87	661.214	1.977581	0.6816046
642	-25081.35	-25743.68	662.3313	0.8855309	0.3906941
648	-17077.38	-17737.02	659.6397	1.059377	2.596597
654	-13350.59	-14010.21	659.623	3.412701	0.8965849
660	-23430.62	-24093	662.3831	0.8591343	0.5375992
666	-29028.45	-29691.67	663.2227	0.02036259	0.4702473
672	-17796.01	-18456.89	660.8773	1.161028	1.721447
678	-19757.2	-20417.49	660.2917	0.3513715	2.631218
684	-26262.55	-26925.32	662.766	0.4787404	0.4906861
690	-30254.22	-30917.41	663.1829	0.01929119	0.3677696
696	-29706.48	-30369.62	663.1409	0.04714264	0.3497776
702	-25352.52	-26015.47	662.9504	0.1541837	0.8136154
708	-16332.36	-16993.69	661.334	1.770625	0.8136154
714	-33112.32	-33774.35	662.0254	0.4668607	0.1074236
720	-14954.05	-15611.71	657.6556	1.450963	3.549083
726	-20429.46	-21091.23	661.7703	1.435497	0.6532643
732	-14826.24	-15486.77	660.5323	2.674302	0.6514395
738	-28458.61	-29121.77	663.1636	0.06407972	0.5987544
744	-21109.89	-21770.9	661.009	0.431969	2.125585
750	-23624.07	-24286.31	662.2318	0.1553942	1.467084
756	-13782.62	-14441.31	658.6911	4.097701	0.1607729
762	-23622.79	-24285.04	662.2458	0.986474	0.5836885
768	-22904.98	-23567.33	662.3518	0.6613302	0.9216743
774	-25249.52	-25912.33	662.8068	0.4177417	0.6077478
780	-15408.9	-16068.32	659.4181	1.392792	2.527113
786	-25669.16	-26331.89	662.7284	0.5164	0.5080732
792	-26489.54	-27151.72	662.1809	0.8444387	0.2374249
798	-20827.53	-21489.46	661.9246	1.066515	0.9454555
804	-22429.6	-23091.79	662.1884	0.9332625	0.7909452
810	-22720.41	-23382.6	662.1884	0.9332625	0.7909452
816	-21311.5	-21973.11	661.6129	0.6173622	1.583836
822	-23748.6	-24411.09	662.4847	0.7177504	0.6602973
828	-25063.9	-25726.43	662.5312	0.2020388	1.188992
834	-20840.88	-21502.68	661.8028	1.230668	0.8991235
840	-22496	-23158.03	662.0262	0.5886076	1.288301
846	-21604.78	-22266.6	661.8253	0.5886076	1.446763
852	-17761.94	-18422.81	660.8666	2.305918	0.333068
858	-21574.32	-22236.33	662.0113	1.083868	0.8257274
864	-24994.35	-25657.07	662.7282	0.1830022	1.026484
870	-18813.56	-19475.14	661.5865	0.9604819	1.342978
876	-22639.25	-23301.52	662.272	0.9658754	0.5616069
882	-18473.83	-19135.44	661.6082	1.183902	1.137329
888	-22388.94	-23051.23	662.2831	0.7733248	0.8727858
894	-21585.79	-22247.31	661.516	0.4050339	1.80334
900	-22057.81	-22719.91	662.0987	0.9262433	0.9086396
906	-21016.33	-21678.23	661.8965	0.9377057	1.099278
912	-32131.45	-32793.95	662.5072	0.3212413	0.17059
918	-18749.59	-19411.07	661.4756	1.580019	0.873793
924	-20826.48	-21488.1	661.6125	0.8343035	1.42146
930	-16849.86	-17510.73	660.8726	1.574248	1.42146
936	-25341.71	-26004.45	662.7445	0.481927	0.602572
942	-26159.36	-26822.28	662.9157	0.3107254	0.602572
948	-29444.54	-30107.76	663.2231	0.01130833	0.4310193
954	-27650.2	-28312.73	662.5369	0.6529559	0.3518969
960	-27124.22	-27787.19	662.968	0.2701137	0.560486
966	-17180.04	-17841.28	661.2344	1.95264	0.6899496
972	-13672.8	-14332.88	660.0782	3.024795	0.8156928
978	-15838.49	-16498.39	659.8935	3.135625	0.2391708
984	-19895.19	-20556.67	661.4806	1.017142	1.381922
990	-14518.58	-15178.68	660.1025	3.130923	0.4280118
996	-25277.54	-25940.26	662.7166	0.2368047	0.9845786
