Iteration	Posterior	Likelihood	Prior	rate_log_sd	tree_length
0	-2237.212	-2896.425	659.2131	1.144069	2.80643
6	-2238.876	-2898.183	659.3067	1.056049	2.803039
12	-2235.061	-2893.564	658.5024	1.018303	3.306657
18	-2255.342	-2913.543	658.201	1.008488	3.489146
24	-2244.94	-2904.227	659.2878	1.135163	2.766298
30	-2228.592	-2887.728	659.1357	1.179572	2.831875
36	-2219.046	-2878.341	659.2957	1.167163	2.741963
42	-2225.515	-2885.282	659.7671	1.160932	2.453843
48	-2234.889	-2894.606	659.717	1.211015	2.453843
54	-2246.538	-2905.885	659.3474	1.119329	2.739593
60	-2244.477	-2904.467	659.9893	1.15004	2.320198
66	-2229.985	-2889.58	659.5959	1.070631	2.616747
72	-2228.835	-2888.51	659.6754	1.134148	2.527986
78	-2224.223	-2884.4	660.1766	1.324134	2.086386
84	-2217.234	-2877.632	660.3978	1.36769	1.909797
90	-2202.441	-2862.829	660.388	1.334317	1.938972
96	-2202.68	-2863.264	660.5837	1.341897	1.800169
102	-2230.316	-2891.039	660.7231	1.421956	1.645543
108	-2233.891	-2894.684	660.7932	1.348813	1.647695
114	-2252.808	-2913.628	660.8204	1.582928	1.454806
120	-2257.814	-2918.889	661.0745	1.583385	1.252737
126	-2254.603	-2915.608	661.0051	1.652788	1.252737
132	-2239.417	-2900.665	661.248	1.652788	1.036675
138	-2234.625	-2895.764	661.1386	1.726629	1.070466
144	-2239.609	-2900.648	661.0388	1.672898	1.207474
150	-2240.714	-2901.593	660.8784	1.61025	1.389037
156	-2245.083	-2906.199	661.1162	1.731772	1.086553
162	-2257.527	-2918.695	661.167	1.590555	1.167799
168	-2266.461	-2927.46	660.9991	1.67122	1.242409
174	-2252.022	-2913.188	661.1656	1.808387	0.9634448
180	-2264.157	-2925.344	661.1868	1.808387	0.9410793
186	-2259.085	-2920.24	661.1551	1.685284	1.093611
192	-2268.029	-2928.707	660.6779	1.479739	1.636494
198	-2259.622	-2920.506	660.8843	1.648549	1.354199
204	-2266.832	-2928.001	661.1689	1.574291	1.180351
210	-2246.892	-2908.127	661.2353	1.747474	0.9541864
216	-2256.782	-2917.991	661.2085	1.747474	0.9818996
222	-2230.978	-2891.903	660.9243	1.635692	1.332596
228	-2239.29	-2900.347	661.0571	1.641302	1.218736
234	-2233.161	-2894.07	660.9098	1.583739	1.385157
240	-2239.824	-2900.883	661.0586	1.598569	1.253376
246	-2270.076	-2931.202	661.1257	1.531471	1.253376
252	-2267.851	-2928.638	660.787	1.413639	1.605383
258	-2253.4	-2914.074	660.6742	1.371408	1.716312
264	-2254.035	-2914.683	660.6475	1.47902	1.658855
270	-2262.851	-2923.442	660.5912	1.414442	1.74445
276	-2255.141	-2915.585	660.4441	1.587285	1.726362
282	-2222.46	-2882.678	660.2189	1.268903	2.094915
288	-2229.622	-2890.026	660.4042	1.267875	1.972722
294	-2228.178	-2888.811	660.6333	1.287037	1.803828
300	-2239.716	-2900.178	660.4626	1.435705	1.819058
306	-2244.282	-2904.975	660.6935	1.439681	1.654063
312	-2256.751	-2917.152	660.4017	1.328114	1.933932
318	-2248.282	-2908.472	660.1901	1.322708	2.078448
324	-2257.578	-2917.815	660.2377	1.314625	2.052389
330	-2254.835	-2914.622	659.7872	1.139835	2.454507
336	-2249.113	-2909.537	660.4244	1.269132	1.958319
342	-2243.197	-2903.388	660.1912	1.353304	2.057518
348	-2255.236	-2916.081	660.8452	1.4082	1.566881
354	-2262.601	-2923.049	660.4479	1.307155	1.916827
360	-2279.469	-2939.356	659.8868	1.255617	2.318255
366	-2261.12	-2921.075	659.9558	1.332484	2.224703
372	-2270.222	-2930.834	660.6124	1.419461	1.726003
378	-2253.797	-2914.636	660.8393	1.488476	1.51183
384	-2250.054	-2910.338	660.2834	1.362888	1.98995
390	-2259.567	-2919.049	659.4821	1.248577	2.577033
396	-2264.483	-2925.162	660.6787	1.388924	1.70076
402	-2273.243	-2934.186	660.9433	1.449054	1.463182
408	-2260.548	-2921.135	660.5875	1.350804	1.791388
414	-2249.239	-2909.365	660.1257	1.350804	2.10228
420	-2239.597	-2899.783	660.1859	1.295974	2.098783
426	-2217.018	-2877.067	660.0497	1.238509	2.224784
432	-2239.765	-2899.922	660.1564	1.388222	2.057475
438	-2249.278	-2909.371	660.0934	1.25368	2.186683
444	-2238.021	-2897.802	659.781	1.202918	2.41871
450	-2240.817	-2900.714	659.8969	1.230756	2.327608
456	-2238.525	-2898.573	660.0487	1.27189	2.203827
462	-2235.304	-2896.036	660.7318	1.354962	1.687168
468	-2253.081	-2912.917	659.836	1.173315	2.40267
474	-2254.16	-2913.627	659.4667	1.187124	2.624592
480	-2252.277	-2910.798	658.5214	1.052408	3.275348
486	-2233.495	-2893.539	660.0438	1.127942	2.299526
492	-2224.523	-2885.206	660.6835	1.24667	1.797012
498	-2226.098	-2886.706	660.6078	1.345262	1.781158
504	-2232.282	-2892.61	660.3284	1.28433	2.012319
510	-2231.81	-2892.289	660.4786	1.413586	1.823229
516	-2222.481	-2882.949	660.4681	1.424109	1.823229
522	-2237.963	-2898.456	660.4932	1.448952	1.788705
528	-2228.68	-2888.911	660.2311	1.206826	2.12754
534	-2243.665	-2903.936	660.2708	1.278041	2.054668
540	-2253.861	-2913.364	659.503	1.218103	2.582948
546	-2258.655	-2918.053	659.3974	1.051412	2.750544
552	-2252.554	-2911.801	659.2467	1.202058	2.750544
558	-2257.7	-2917.824	660.1239	1.228755	2.18306
564	-2258.246	-2918.365	660.1185	1.268769	2.160585
570	-2255.722	-2915.608	659.8862	1.305008	2.287075
576	-2257.137	-2917.33	660.1926	1.228987	2.138228
582	-2272.002	-2932.002	660.0007	1.228987	2.262411
588	-2254.021	-2914.087	660.0657	1.164015	2.262411
594	-2244.05	-2904.054	660.0033	1.20181	2.27818
600	-2235.154	-2895.677	660.5226	1.451497	1.766482
606	-2227.164	-2887.751	660.5874	1.408025	1.751584
612	-2227.871	-2888.313	660.4423	1.408025	1.852037
618	-2235.565	-2895.771	660.2067	1.357816	2.044292
624	-2222.311	-2881.974	659.6634	1.288281	2.438986
630	-2220.549	-2880.281	659.7326	1.21837	2.439418
636	-2228.242	-2888.098	659.8567	1.122134	2.421876
642	-2242.574	-2902.377	659.8026	1.15602	2.434608
648	-2223.76	-2883.75	659.9908	1.296867	2.225104
654	-2222.597	-2882.9	660.3029	1.32685	2.001015
660	-2218.146	-2878.286	660.1402	1.375625	2.076469
666	-2239.111	-2899.067	659.9554	1.332895	2.224733
672	-2234.201	-2894.787	660.5867	1.455611	1.718635
678	-2245.191	-2905.901	660.7099	1.463834	1.624898
684	-2232.659	-2893.286	660.6275	1.403243	1.726791
690	-2232.708	-2893.215	660.5078	1.403243	1.81025
696	-2237.372	-2897.993	660.6212	1.342913	1.773475
702	-2229.605	-2890.176	660.5708	1.393259	1.773475
708	-2233.029	-2893.659	660.6304	1.471607	1.676307
714	-2229.783	-2890.508	660.7245	1.488427	1.5965
720	-2237.85	-2898.803	660.9524	1.604145	1.335368
726	-2255.967	-2917.046	661.079	1.481494	1.332185
732	-2268.094	-2928.969	660.8749	1.63816	1.369863
738	-2262.433	-2923.219	660.7863	1.538005	1.514361
744	-2262.088	-2923.282	661.1939	1.688342	1.054444
750	-2262.399	-2923.66	661.2609	1.7052	0.971593
756	-2282.676	-2943.942	661.2665	1.779822	0.8844857
762	-2264.127	-2925.272	661.145	1.726731	1.064331
768	-2256.79	-2918.052	661.2619	1.846484	0.8087033
774	-2266.829	-2928.126	661.2969	1.74958	0.884295
780	-2258.011	-2919.138	661.1272	1.616041	1.180304
786	-2247.963	-2909.097	661.1339	1.616041	1.174458
792	-2248.011	-2909.014	661.0037	1.584309	1.310089
798	-2231.839	-2892.959	661.1209	1.701866	1.109702
804	-2232.917	-2893.988	661.0714	1.686575	1.167432
810	-2229.384	-2890.588	661.2033	1.686575	1.047111
816	-2230.294	-2891.381	661.0871	1.710524	1.132399
822	-2230.558	-2891.658	661.0995	1.608392	1.210674
828	-2229.815	-2890.786	660.9706	1.542924	1.36952
834	-2236.056	-2896.891	660.8343	1.424299	1.563073
840	-2235.25	-2896.079	660.8295	1.535375	1.483989
846	-2238.31	-2899.279	660.9698	1.536411	1.375262
852	-2258.249	-2919.348	661.0993	1.536411	1.271103
858	-2259.514	-2920.682	661.1685	1.728712	1.040099
864	-2265.362	-2926.335	660.9733	1.736425	1.209124
870	-2284.104	-2945.335	661.231	1.567749	1.131402
876	-2287.796	-2948.594	660.7979	1.61611	1.446661
882	-2292.521	-2953.492	660.9714	1.492026	1.408653
888	-2299.497	-2960.557	661.0601	1.681472	1.181767
894	-2280.296	-2941.435	661.1389	1.669184	1.122996
900	-2281.642	-2942.428	660.7864	1.497783	1.544225
906	-2272.3	-2933.164	660.8638	1.44923	1.522812
912	-2255.338	-2916.36	661.0218	1.413163	1.43062
918	-2256.351	-2917.107	660.7557	1.413163	1.628428
924	-2253.354	-2913.676	660.3218	1.340659	1.97914
930	-2276.114	-2936.709	660.5949	1.481433	1.694559
936	-2269.963	-2930.67	660.7078	1.420835	1.657335
942	-2249.672	-2910.588	660.9155	1.57828	1.385019
948	-2267.776	-2928.79	661.0142	1.57828	1.30643
954	-2280.232	-2941.068	660.8369	1.528202	1.483815
960	-2288.325	-2948.67	660.3447	1.500662	1.855397
966	-2281.051	-2941.968	660.9164	1.487116	1.454679
972	-2273.652	-2934.817	661.1657	1.616336	1.146312
978	-2286.885	-2947.997	661.1123	1.681189	1.13613
984	-2275.158	-2936.009	660.851	1.493666	1.499121
990	-2268.558	-2929.435	660.8764	1.560771	1.428892
996	-2260.115	-2921.156	661.0411	1.417102	1.412673
