Iteration	Posterior	Likelihood	Prior	rate_log_sd	tree_length
0	-25149.66	-25812.1	662.4451	0.7722076	0.3914439
6	-17837.78	-18499.1	661.3256	1.382761	1.210308
12	-27105.36	-27768.43	663.0718	0.1717	0.5275798
18	-28411.86	-29074.97	663.1134	0.1256148	0.4477051
24	-27983.36	-28646.4	663.0366	0.2041427	0.455396
30	-21952.26	-22614.4	662.1422	1.102619	0.5084777
36	-27772.91	-28435.3	662.3897	0.6798753	0.2592276
42	-31551.92	-32214.68	662.755	0.2171764	0.2154706
48	-25016.39	-25679.06	662.6733	0.0196969	1.223287
54	-13933.51	-14591.54	658.038	1.824497	3.104155
60	-18339.35	-19000.73	661.3845	1.824497	0.646197
66	-19849.07	-20510.52	661.4535	1.074607	1.358018
72	-22629.86	-23291.87	662.0168	0.5112824	1.358018
78	-19216.33	-19877.53	661.2055	2.001323	0.3743478
84	-22481.16	-23143.41	662.2546	0.4978991	1.172236
90	-14184.79	-14844.86	660.0728	2.381079	1.416007
96	-14583.56	-15244.36	660.8046	2.386007	0.6833697
102	-14920.03	-15580.84	660.8046	2.386007	0.6833697
108	-26591.2	-27254.13	662.9251	0.265514	0.6833697
114	-24043.65	-24705.81	662.1518	0.265514	1.444164
120	-19684.15	-20345.91	661.7596	1.349051	0.808248
126	-23040.37	-23702.13	661.7544	0.1154526	1.838598
132	-22293.64	-22955.88	662.2448	0.797023	0.8896789
138	-25494.16	-26156.98	662.8201	0.3494185	0.7200144
144	-19514.02	-20175.73	661.7029	1.049486	1.172361
150	-13062.47	-13721.57	659.1008	3.651558	1.172361
156	-13497.42	-14156.9	659.4851	2.641478	1.6588
162	-18431.58	-19092.68	661.0948	1.031774	1.6588
168	-23024.92	-23687.26	662.337	0.4728306	1.121445
174	-24993.85	-25656.49	662.6325	0.5827004	0.6319389
180	-29296.54	-29959.32	662.7734	0.3800894	0.3155166
186	-25447.56	-26110.18	662.6115	0.04798221	1.251417
192	-26078.01	-26740.95	662.9394	0.04890538	0.9484417
198	-24567.05	-25229.46	662.4115	0.833066	0.4859444
204	-26597.43	-27260.23	662.801	0.4428532	0.476839
210	-23920.34	-24582.61	662.2704	0.9658111	0.4369367
216	-17275.55	-17936.6	661.0491	2.18673	0.5706168
222	-13357.21	-14015.94	658.7349	4.364439	0.2764047
228	-24978.16	-25640.53	662.3643	0.8793645	0.4750378
234	-28200.49	-28863.4	662.9093	0.3343536	0.4750378
240	-28354.68	-29017.82	663.1369	0.1037573	0.5478457
246	-24385.41	-25047.6	662.1874	0.121691	1.525751
252	-22013.67	-22674.09	660.4162	0.05234291	2.738445
258	-13876.95	-14537.25	660.3073	2.864405	0.716476
264	-13020.49	-13680.05	659.5568	3.15705	1.20557
270	-24046.43	-24708.99	662.5596	0.6341067	0.677568
276	-22152.18	-22813.83	661.6499	0.5988281	1.570325
282	-22352.28	-23013.87	661.5914	0.3087461	1.817737
288	-17006.47	-17666.55	660.0742	1.151177	2.265146
294	-17829.02	-18489.1	660.0742	1.151177	2.265146
300	-13810.13	-14469.87	659.7365	2.496599	1.58172
306	-20071.94	-20733.69	661.7527	1.206575	0.9785502
312	-25355.37	-26018.09	662.7234	0.5172313	0.5480426
318	-13576.25	-14236.3	660.0498	2.712837	1.163346
324	-23701.78	-24364.28	662.4943	0.1663385	1.250446
330	-26315.22	-26978.14	662.9191	0.2636867	0.6975165
336	-15010.99	-15671.53	660.5439	2.676496	0.6191642
342	-23356.92	-24019.29	662.3656	0.8547282	0.6191642
348	-27351	-28013.93	662.9271	0.3159955	0.4704769
354	-13004.62	-13662.63	658.008	4.897554	1.032009
360	-27177.09	-27839.86	662.7695	0.4752538	0.508684
366	-13091.49	-13747.64	656.1511	3.478638	3.242316
372	-21819.31	-22481.36	662.0425	1.202084	0.486324
378	-25438.01	-26100.78	662.7714	0.4602852	0.5857584
384	-25476.6	-26139.35	662.7496	0.2489934	0.937428
390	-22270.84	-22932.98	662.1423	0.7337123	1.060294
396	-24310.43	-24972.77	662.3325	0.137785	1.403335
402	-26474.9	-27137.7	662.8038	0.4070649	0.6421569
408	-19019.88	-19681.51	661.6282	1.582633	0.6421569
414	-18626.79	-19288.01	661.2228	1.27687	1.380354
420	-24727.93	-25390.33	662.4035	0.8381837	0.4609567
426	-18223.61	-18885.06	661.4507	1.624571	0.850349
432	-25996.93	-26659.88	662.9584	0.1168819	0.850349
438	-26476.22	-27139.26	663.0393	0.03600478	0.850349
444	-15028.18	-15688.37	660.1875	1.659406	1.854357
450	-22230.59	-22892.23	661.6433	0.2651961	1.812033
456	-26589.98	-27252.64	662.6675	0.5751792	0.4671211
462	-13665.92	-14325.42	659.4958	3.700766	0.3601685
468	-26818.87	-27481.76	662.8872	0.3564054	0.5260611
474	-31800.22	-32463.22	663.0026	0.0469529	0.2488868
480	-37902.22	-38563.52	661.304	0.4225521	0.04399992
486	-25359.5	-26020.6	661.1031	1.516378	0.1268207
492	-23733.95	-24394.82	660.8641	1.874744	0.1495464
498	-23702.25	-24364.41	662.16	1.080996	0.5455203
504	-25981.21	-26643.86	662.6571	0.58389	0.5455203
510	-24227.77	-24890.2	662.4274	0.2534177	1.233597
516	-29175.79	-29839.02	663.2288	0.01607054	0.4956135
522	-21598.36	-22259.44	661.0818	0.3545123	2.1286
528	-16007.24	-16667.48	660.2382	1.527693	1.90952
534	-13749.44	-14409.72	660.2737	2.779418	0.8766738
540	-21077.85	-21739.73	661.8837	1.356521	0.5498365
546	-22234.73	-22896.76	662.0239	0.5490469	1.322232
552	-24411.34	-25073.81	662.4719	0.5490469	0.9131093
558	-24165.49	-24827.96	662.4719	0.5490469	0.9131093
564	-14274.35	-14933.59	659.2391	1.931527	2.300221
570	-29667.85	-30330.95	663.0975	0.08570025	0.3442504
576	-29726.08	-30389.01	662.9227	0.2605024	0.3442504
582	-23326.25	-23988.08	661.8274	0.1884682	1.737281
588	-20711.73	-21373.55	661.8233	0.806678	1.275831
594	-19357.65	-20019.23	661.5759	1.339874	1.022073
600	-20582.76	-21243.58	660.8152	0.5141277	2.198191
606	-27135.78	-27796.78	661.0053	1.511808	0.1108933
612	-19661.52	-20323.35	661.8312	1.401264	0.5830722
618	-13467.07	-14126.51	659.4414	2.655816	1.67973
624	-21497.18	-22158.26	661.0839	0.3723412	2.115608
630	-14106.25	-14765.34	659.0887	1.900959	2.415099
636	-21164.69	-21825.47	660.78	0.3119199	2.350343
642	-23617.06	-24279.39	662.3351	0.8141827	0.7516936
648	-15340.86	-16001.33	660.4651	1.867995	1.507822
654	-15401.61	-16062.07	660.4651	1.867995	1.507822
660	-20201.61	-20863.21	661.5929	1.643492	0.5681059
666	-28556.25	-29216.07	659.815	1.824421	0.04001156
672	-30348.57	-31010.04	661.4692	0.9997454	0.1042901
678	-35185.17	-35847.48	662.304	0.164926	0.1042901
684	-18253.93	-18915.22	661.2954	1.125072	1.441756
690	-26986.24	-27649.43	663.1925	0.008180955	0.6639248
696	-20842.71	-21504.59	661.8841	1.316545	0.6639248
702	-21160.34	-21822.34	661.9965	1.069825	0.8611273
708	-22978.61	-23640.81	662.2053	0.480055	1.229783
714	-23261.8	-23923.93	662.1334	0.09186259	1.587455
720	-27662.34	-28325.12	662.7734	0.4012472	0.3351757
726	-13951.79	-14612.06	660.2737	2.566384	1.093833
732	-20008.55	-20670.31	661.7587	1.081365	1.093833
738	-23143.76	-23805.83	662.0696	0.3153921	1.468745
744	-21291.42	-21953.31	661.8893	1.345745	0.5736623
750	-25272.8	-25935.51	662.711	0.5240562	0.5736623
756	-22003.75	-22665.96	662.2165	1.024881	0.5431758
762	-22475.76	-23138.36	662.6003	0.4168835	0.9173076
768	-20589.1	-21251.25	662.1518	0.8653419	0.9173076
774	-22915.98	-23578.43	662.4494	0.3436199	1.136499
780	-23719.91	-24382.49	662.5821	0.2060046	1.140865
786	-24601.76	-25264.41	662.6518	0.2060046	1.077451
792	-24210.58	-24873.16	662.5816	0.2761865	1.077451
798	-24877.12	-25538.3	661.1772	1.630789	0.1654357
804	-20714.96	-21376.32	661.3538	0.4260196	1.900062
810	-22791.51	-23453.34	661.8279	1.29159	0.2895147
816	-21034.59	-21696.58	661.9997	1.144846	0.7587146
822	-23701.89	-24364.5	662.6055	0.3016139	1.030492
828	-26838.02	-27500.57	662.5502	0.5852932	0.3010688
834	-13168.39	-13826.18	657.7899	1.888803	3.213355
840	-12765.84	-13422.94	657.1016	5.525489	1.278225
846	-15480.79	-16141.5	660.7102	2.365179	0.8502365
852	-25105.36	-25768.1	662.7362	0.2027625	0.9991232
858	-30100.12	-30762.86	662.737	0.3180161	0.2516418
864	-29517.47	-30180.11	662.6406	0.4975026	0.3030104
870	-21940.97	-22602.77	661.7931	0.5438952	1.504889
876	-32449.09	-33111.29	662.1941	0.3970977	0.1221342
882	-23704.12	-24365.82	661.6976	0.1083561	1.882277
888	-13687.13	-14346.96	659.8292	2.514165	1.500122
894	-19717.17	-20378.62	661.4448	1.065562	1.37196
900	-15866.9	-16527.62	660.718	2.363239	0.8430858
906	-25506.63	-26169.31	662.6789	0.2438896	1.015168
912	-24457.76	-25120.42	662.6538	0.3507594	0.9310378
918	-24449.43	-25111.93	662.5009	0.5036266	0.9310378
924	-23150.75	-23812.93	662.1785	0.314095	1.385913
930	-21487.16	-22149.2	662.0384	1.054166	0.8289504
936	-26323.07	-26986.05	662.973	0.164705	0.768641
942	-17280.12	-17941.37	661.2441	1.893547	0.768641
948	-27573.1	-28236.15	663.0451	0.09259117	0.768641
954	-13448.65	-14106.85	658.2017	2.789663	2.414026
960	-18107.93	-18768.4	660.4708	1.19729	1.975341
966	-27255.28	-27918.14	662.8549	0.1652638	0.9139723
972	-27814.37	-28475.49	661.1255	1.432351	0.1169053
978	-21256.73	-21918.69	661.956	1.099509	0.8739124
984	-16782.72	-17442.75	660.03	1.132118	2.305636
990	-23168.49	-23830.51	662.0175	1.181618	0.3635579
996	-14713.48	-15374.2	660.723	2.432458	0.742356
