Iteration	Posterior	Likelihood	Prior	rate_log_sd	tree_length
0	-13186.08	-13844.52	658.4379	3.807035	1.573124
6	-13240.24	-13899.17	658.9265	4.045567	0.9654115
12	-13104.28	-13761.97	657.6901	4.954448	1.263835
18	-13196.94	-13855.42	658.4767	3.990715	1.405531
24	-13077.95	-13735.47	657.5205	4.946974	1.405531
30	-13092.21	-13750.27	658.0581	4.982937	0.8905677
36	-13104.64	-13762.72	658.0796	3.928516	1.742681
42	-13084.39	-13742.47	658.0796	3.928516	1.742681
48	-13177.02	-13829.48	652.4627	5.042917	4.4643
54	-13140.26	-13797.91	657.6587	2.897952	2.68444
60	-12986.96	-13643.24	656.2769	4.279787	2.68444
66	-13212.53	-13871.63	659.1054	4.115791	0.6170573
72	-13386.73	-14046.08	659.349	2.789192	1.650477
78	-13673.22	-14331.95	658.7271	2.433058	2.306885
84	-13245.54	-13904.14	658.5987	2.561466	2.306885
90	-13014.91	-13673.13	658.2175	3.691514	1.811648
96	-12797.52	-13455.7	658.1747	4.509153	1.231078
102	-12732.28	-13388.33	656.0559	7.130165	0.3475179
108	-12821.38	-13477.66	656.2844	6.191923	1.398631
114	-13147.92	-13807.22	659.3032	3.17308	1.398631
120	-12805.02	-13463.09	658.0716	4.404747	1.398631
126	-13037.87	-13697.31	659.4416	2.965826	1.45166
132	-14571.5	-15232.01	660.5181	2.128355	1.2623
138	-12707.97	-13365.47	657.502	4.319276	1.871853
144	-12930.61	-13589.34	658.7329	2.37523	2.340065
150	-12924.65	-13582.31	657.6568	5.043062	1.217479
156	-13009.42	-13668.46	659.0373	3.405973	1.424223
162	-13120.86	-13779.73	658.8658	4.298785	0.7280491
168	-13159.93	-13818.82	658.8917	4.298785	0.6836346
174	-13346.29	-14005.62	659.329	2.539626	1.839479
180	-13930.53	-14590.52	659.9876	2.539626	1.358648
186	-13120.42	-13777.73	657.3106	3.239531	2.688453
192	-13036.76	-13693.35	656.5924	6.41319	0.9299363
198	-12989.54	-13645.58	656.041	7.10679	0.7539541
204	-12964.29	-13623	658.7106	4.534212	0.5068119
210	-12808.5	-13465.16	656.6595	5.577908	1.578587
216	-13006.47	-13665.4	658.9334	3.219078	1.640181
222	-12879	-13537.71	658.7046	3.967068	1.241251
228	-12840.18	-13498.72	658.5393	4.482491	0.9122081
234	-12737.41	-13392.27	654.8613	4.757527	3.248769
240	-12934.45	-13592.63	658.1795	4.303613	1.393302
246	-13273.44	-13932.65	659.2073	3.065091	1.552872
252	-13643.86	-14303.57	659.7105	2.380918	1.68386
258	-13092.23	-13751.64	659.4061	2.489714	1.820763
264	-12966.23	-13624.88	658.6446	4.571157	0.6305943
270	-13006.47	-13662.5	656.0284	7.013468	0.8896408
276	-13047.38	-13707.27	659.8883	3.264939	0.7457512
282	-12985.23	-13642.96	657.7256	5.446961	0.7151365
288	-13167.53	-13826.89	659.3595	3.32477	1.230685
294	-13138.67	-13796.8	658.1241	3.281705	2.148509
300	-12638.13	-13295.1	656.9666	5.47696	1.423991
306	-12717.13	-13374.73	657.6024	5.47696	0.8454049
312	-13146.72	-13806.26	659.5357	3.674613	0.6433604
318	-13336.16	-13994.93	658.7776	3.167963	1.786327
324	-13389.96	-14049.22	659.2564	2.485606	1.925641
330	-13095.85	-13751.66	655.8122	2.735458	3.872106
336	-13094.24	-13753.66	659.4212	3.101775	1.362032
342	-12787.37	-13444.74	657.3706	5.413649	1.144336
348	-12669.31	-13328.07	658.7598	3.743721	1.377324
354	-12767.14	-13426.13	658.9914	3.731925	1.197504
360	-12929.22	-13588.04	658.8199	4.19677	0.9177918
366	-12893.5	-13552	658.5026	3.416956	1.804387
372	-12802.38	-13460.36	657.9793	3.651372	2.000352
378	-12666.28	-13325.66	659.3739	3.726623	0.8188496
384	-12808.15	-13465.81	657.6621	5.349632	0.9232134
390	-12839.06	-13496.72	657.6621	5.349632	0.9232134
396	-12849.76	-13506.46	656.7044	3.570376	2.856448
402	-12657.88	-13314.37	656.4913	4.787735	2.230695
408	-12898.29	-13555.73	657.4469	5.447858	1.042458
414	-13028.26	-13686.03	657.7732	5.447858	0.6172757
420	-13173.59	-13832.54	658.9505	4.293568	0.4797183
426	-12957.51	-13611.25	653.7396	4.293568	4.165948
432	-13311.01	-13970.05	659.0313	4.196058	0.412081
438	-12941.32	-13600.02	658.7019	4.46191	0.7292148
444	-12850.68	-13508.52	657.8391	4.46191	1.531696
450	-13057.54	-13714.12	656.5813	6.238661	1.112236
456	-12920.95	-13578.88	657.9303	4.108358	1.721252
462	-13035.43	-13694.54	659.1037	4.108358	0.6393457
468	-13166.01	-13824.24	658.2325	5.007673	0.5506149
474	-13058.75	-13717.05	658.3002	4.82658	0.7838762
480	-13200.22	-13859.66	659.4445	3.386741	1.101988
486	-12978.81	-13636.63	657.8204	5.010824	1.101988
492	-12822.87	-13478.67	655.8053	4.390381	2.904293
498	-12996.69	-13654.66	657.9656	4.690451	1.254338
504	-12995.58	-13652.61	657.0334	6.118104	0.3138456
510	-12994.94	-13653.42	658.4825	4.689743	0.7156583
516	-13061.37	-13720.91	659.5345	3.367862	1.035108
522	-12638.62	-13295.15	656.528	3.794139	2.827703
528	-12931.42	-13590.43	659.0087	3.794139	1.127721
534	-13308.66	-13967.43	658.7658	2.384612	2.313117
540	-12973.73	-13631.55	657.8188	3.331635	2.313117
546	-13020.14	-13678.57	658.4356	3.402135	1.860654
552	-13139.47	-13798.92	659.4481	2.741421	1.613441
558	-13943.5	-14603.9	660.394	2.741421	0.771852
564	-13058.44	-13717.2	658.7565	4.238571	0.9412574
570	-12955.63	-13614.21	658.5864	4.408645	0.9412574
576	-13284.61	-13942.46	657.8458	5.084005	0.2003819
582	-13155.45	-13814.1	658.6528	4.558843	0.6403723
588	-13991.98	-14652.22	660.2392	2.972399	0.6403723
594	-13238.21	-13896.48	658.2733	2.49016	2.556632
600	-13096.71	-13755.72	659.0096	3.128535	1.650537
606	-12957.42	-13616.43	659.0096	3.128535	1.650537
612	-12827.25	-13483.89	656.6472	6.336546	0.9532276
618	-12771.62	-13430.83	659.2052	3.241192	1.421804
624	-12828.14	-13486.23	658.088	5.091788	0.7027906
630	-12823.58	-13478.32	654.7422	5.091788	3.121158
636	-13019.98	-13678.35	658.3692	4.812185	0.7000254
642	-12694.54	-13350.8	656.2587	4.973001	2.261131
648	-13052.65	-13712.61	659.966	2.96341	1.008629
654	-12926.9	-13585.6	658.7023	3.41475	1.665614
660	-12824.48	-13483.24	658.7633	3.353781	1.665614
666	-12691.74	-13349.03	657.29	5.748463	0.893511
672	-12899.94	-13559.18	659.2391	3.993351	0.4252541
678	-12881.41	-13539.44	658.0231	5.124783	0.7536727
684	-12765.99	-13422.6	656.6092	5.572399	1.619239
690	-12923.87	-13581.54	657.6674	5.572399	0.5523907
696	-12872.91	-13524.78	651.869	4.824388	4.918905
702	-13777.89	-14437.06	659.1716	2.104334	2.232643
708	-12927.94	-13587.17	659.235	4.004795	0.450825
714	-12860.92	-13518.85	657.9327	3.930721	1.843009
720	-13147.33	-13805.34	658.0094	4.043114	1.711477
726	-13178.2	-13835.99	657.7967	5.446506	0.4713535
732	-13226.24	-13885.74	659.5011	3.585516	0.8364292
738	-13037.51	-13695.72	658.2177	3.656648	1.835562
744	-13294.96	-13953.49	658.527	2.292353	2.521855
750	-13066.91	-13725.79	658.8786	4.204887	0.8402628
756	-13336.8	-13996.27	659.4678	3.64184	0.8069446
762	-13597.35	-14257.32	659.9691	3.237651	0.6512094
768	-13484.32	-14143.76	659.442	3.740362	0.6982916
774	-13131.91	-13790.31	658.4015	3.900946	1.530663
780	-13106.68	-13766.09	659.4114	3.833488	0.4965481
786	-13143.34	-13802.3	658.9612	4.158736	0.2897997
792	-13142.34	-13800.58	658.2395	4.975385	0.3871751
798	-12889.95	-13547.59	657.6399	3.516515	2.309284
804	-12837.95	-13496.74	658.7858	3.455407	1.575834
810	-12814.55	-13473.73	659.1792	3.455407	1.272058
816	-12666.95	-13324	657.0461	5.165163	1.597673
822	-13140.94	-13800.18	659.242	3.982308	0.6085087
828	-13055.13	-13714.12	658.9976	3.982308	0.9571743
834	-13136.62	-13796.35	659.7371	3.276617	0.9211037
840	-12989.64	-13647.08	657.4427	3.548201	2.414301
846	-13040.33	-13699.66	659.3325	3.548201	1.055878
852	-12944.85	-13603.49	658.6326	3.674677	1.527047
858	-12986.99	-13645.39	658.4043	3.903048	1.527047
864	-12778.08	-13435.57	657.4872	5.127534	1.288327
870	-12846.92	-13503.73	656.8074	4.692254	2.08707
876	-12813.47	-13472.89	659.4158	2.72132	1.651237
882	-12983.12	-13642.41	659.2873	3.925536	0.6376793
888	-12954.74	-13613.77	659.0309	3.313015	1.499735
894	-13108.07	-13767.19	659.1118	3.313359	1.438102
900	-13190.47	-13850.12	659.6482	3.595888	0.47993
906	-13051.94	-13707.3	655.3636	1.967458	4.562461
912	-12774.49	-13429.85	655.3636	1.967458	4.562461
918	-12805.46	-13464.78	659.3238	3.300801	1.280273
924	-12671.61	-13329.43	657.8256	4.645305	1.402816
930	-12999.28	-13657.24	657.959	2.239017	2.902879
936	-12599.96	-13256.42	656.4657	4.982307	2.120995
942	-12748.99	-13407.57	658.5772	2.870782	2.120995
948	-12990.6	-13649.37	658.7691	2.678883	2.120995
954	-12968.8	-13626.94	658.1392	5.072342	0.640571
960	-12979.56	-13637.24	657.6791	3.701453	2.164932
966	-12913.1	-13572.59	659.4924	3.701453	0.6772494
972	-13066.35	-13723.44	657.0877	2.46314	3.288919
978	-12848.89	-13502.18	653.29	5.461893	3.754598
984	-13153.22	-13812.48	659.254	3.990917	0.4968561
990	-13064.99	-13723.86	658.8679	3.990917	1.076457
996	-12686.24	-13343.34	657.0952	5.648384	1.180023
